Log file open, 04/20/23 20:25:02
LogWindows: Failed to load 'aqProf.dll' (GetLastError=126)
LogWindows: File 'aqProf.dll' does not exist
LogWindows: Failed to load 'VtuneApi.dll' (GetLastError=126)
LogWindows: File 'VtuneApi.dll' does not exist
LogWindows: Failed to load 'VtuneApi32e.dll' (GetLastError=126)
LogWindows: File 'VtuneApi32e.dll' does not exist
LogConsoleResponse: Display: Failed to find resolution value strings in scalability ini. Falling back to default.
LogInit: Display: Running engine for game: MyFirstGame
LogPlatformFile: Not using cached read wrapper
LogTaskGraph: Started task graph with 5 named threads and 23 total threads with 3 sets of task threads.
LogStats: Stats thread started at 0.468370
LogD3D11RHI: Loaded GFSDK_Aftermath_Lib.x64.dll
LogICUInternationalization: ICU TimeZone Detection - Raw Offset: +8:00, Platform Override: ''
LogPluginManager: Mounting plugin Paper2D
LogPluginManager: Mounting plugin AISupport
LogPluginManager: Mounting plugin LightPropagationVolume
LogPluginManager: Mounting plugin ActorLayerUtilities
LogPluginManager: Mounting plugin AnimationSharing
LogPluginManager: Mounting plugin CLionSourceCodeAccess
LogPluginManager: Mounting plugin CodeLiteSourceCodeAccess
LogPluginManager: Mounting plugin GitSourceControl
LogPluginManager: Mounting plugin KDevelopSourceCodeAccess
LogPluginManager: Mounting plugin NullSourceCodeAccess
LogPluginManager: Mounting plugin PerforceSourceControl
LogPluginManager: Mounting plugin PlasticSourceControl
LogPluginManager: Mounting plugin SubversionSourceControl
LogPluginManager: Mounting plugin UObjectPlugin
LogPluginManager: Mounting plugin VisualStudioCodeSourceCodeAccess
LogPluginManager: Mounting plugin VisualStudioSourceCodeAccess
LogPluginManager: Mounting plugin XCodeSourceCodeAccess
LogPluginManager: Mounting plugin AssetManagerEditor
LogPluginManager: Mounting plugin CryptoKeys
LogPluginManager: Mounting plugin CurveEditorTools
LogPluginManager: Mounting plugin DataValidation
LogPluginManager: Mounting plugin EditorScriptingUtilities
LogPluginManager: Mounting plugin FacialAnimation
LogPluginManager: Mounting plugin GameplayTagsEditor
LogPluginManager: Mounting plugin MacGraphicsSwitching
LogPluginManager: Mounting plugin MaterialAnalyzer
LogPluginManager: Mounting plugin MeshEditor
LogPluginManager: Mounting plugin MobileLauncherProfileWizard
LogPluginManager: Mounting plugin PluginBrowser
LogPluginManager: Mounting plugin SpeedTreeImporter
LogPluginManager: Mounting plugin DatasmithC4DImporter
LogPluginManager: Mounting plugin DatasmithContent
LogPluginManager: Mounting plugin DatasmithImporter
LogPluginManager: Mounting plugin StaticMeshEditorExtension
LogPluginManager: Mounting plugin VariantManager
LogPluginManager: Mounting plugin VariantManagerContent
LogPluginManager: Mounting plugin AlembicImporter
LogPluginManager: Mounting plugin AutomationUtils
LogPluginManager: Mounting plugin BackChannel
LogPluginManager: Mounting plugin BlastPlugin
LogPluginManager: Mounting plugin ChaosSolverPlugin
LogPluginManager: Mounting plugin CharacterAI
LogPluginManager: Mounting plugin DataPrepEditor
LogPluginManager: Mounting plugin GeometryCache
LogPluginManager: Mounting plugin GeometryCollectionPlugin
LogPluginManager: Mounting plugin PlatformCrypto
LogPluginManager: Mounting plugin ProxyLODPlugin
LogPluginManager: Mounting plugin SkeletalReduction
LogPluginManager: Mounting plugin MagicLeap
LogPluginManager: Mounting plugin MagicLeapMedia
LogPluginManager: Mounting plugin MLSDK
LogPluginManager: Mounting plugin AndroidMedia
LogPluginManager: Mounting plugin AvfMedia
LogPluginManager: Mounting plugin ImgMedia
LogPluginManager: Mounting plugin MediaCompositing
LogPluginManager: Mounting plugin MediaPlayerEditor
LogPluginManager: Mounting plugin WebMMedia
LogPluginManager: Mounting plugin WmfMedia
LogPluginManager: Mounting plugin TcpMessaging
LogPluginManager: Mounting plugin UdpMessaging
LogPluginManager: Mounting plugin ActorSequence
LogPluginManager: Mounting plugin LevelSequenceEditor
LogPluginManager: Mounting plugin MatineeToLevelSequence
LogPluginManager: Mounting plugin NetcodeUnitTest
LogPluginManager: Mounting plugin NUTUnrealEngine4
LogPluginManager: Mounting plugin OnlineSubsystemGooglePlay
LogPluginManager: Mounting plugin OnlineSubsystemIOS
LogPluginManager: Mounting plugin OnlineSubsystem
LogPluginManager: Mounting plugin OnlineSubsystemNull
LogPluginManager: Mounting plugin OnlineSubsystemUtils
LogPluginManager: Mounting plugin LauncherChunkInstaller
LogPluginManager: Mounting plugin AndroidDeviceProfileSelector
LogPluginManager: Mounting plugin AndroidMoviePlayer
LogPluginManager: Mounting plugin AndroidPermission
LogPluginManager: Mounting plugin AppleImageUtils
LogPluginManager: Mounting plugin AppleMoviePlayer
LogPluginManager: Mounting plugin ArchVisCharacter
LogPluginManager: Mounting plugin AssetTags
LogPluginManager: Mounting plugin AudioCapture
LogPluginManager: Mounting plugin CableComponent
LogPluginManager: Mounting plugin CustomMeshComponent
LogPluginManager: Mounting plugin EditableMesh
LogPluginManager: Mounting plugin ExampleDeviceProfileSelector
LogPluginManager: Mounting plugin GoogleCloudMessaging
LogPluginManager: Mounting plugin IOSDeviceProfileSelector
LogPluginManager: Mounting plugin LinuxDeviceProfileSelector
LogPluginManager: Mounting plugin LocationServicesBPLibrary
LogPluginManager: Mounting plugin MobilePatchingUtils
LogPluginManager: Mounting plugin OculusVR
LogPluginManager: Mounting plugin PhysXVehicles
LogPluginManager: Mounting plugin PostSplashScreen
LogPluginManager: Mounting plugin ProceduralMeshComponent
LogPluginManager: Mounting plugin RuntimePhysXCooking
LogPluginManager: Mounting plugin SignificanceManager
LogPluginManager: Mounting plugin SteamVR
LogPluginManager: Mounting plugin WebMMoviePlayer
LogPluginManager: Mounting plugin WindowsMoviePlayer
LogPluginManager: Mounting plugin ScreenshotTools
LogInit: Using libcurl 7.55.1-DEV
LogInit:  - built for x86_64-pc-win32
LogInit:  - supports SSL with OpenSSL/1.1.1
LogInit:  - supports HTTP deflate (compression) using libz 1.2.8
LogInit:  - other features:
LogInit:      CURL_VERSION_SSL
LogInit:      CURL_VERSION_LIBZ
LogInit:      CURL_VERSION_IPV6
LogInit:      CURL_VERSION_ASYNCHDNS
LogInit:      CURL_VERSION_LARGEFILE
LogInit:      CURL_VERSION_IDN
LogInit:  CurlRequestOptions (configurable via config and command line):
LogInit:  - bVerifyPeer = true  - Libcurl will verify peer certificate
LogInit:  - bUseHttpProxy = true  - Libcurl will use HTTP proxy
LogInit:  - HttpProxyAddress = '127.0.0.1:7890'
LogInit:  - bDontReuseConnections = false  - Libcurl will reuse connections
LogInit:  - MaxHostConnections = 16  - Libcurl will limit the number of connections to a host
LogInit:  - LocalHostAddr = Default
LogInit:  - BufferSize = 65536
LogOnline: OSS: Creating online subsystem instance for: NULL
LogInit: WinSock: version 1.1 (2.2), MaxSocks=32767, MaxUdp=65467
LogOnline: OSS: TryLoadSubsystemAndSetDefault: Loaded subsystem for module [NULL]
LogInit: Build: ++UE4+Release-4.24-CL-11590370
LogInit: Engine Version: 4.24.3-11590370+++UE4+Release-4.24
LogInit: Compatible Engine Version: 4.24.0-10570792+++UE4+Release-4.24
LogInit: Net CL: 10570792
LogInit: OS: Windows 10 (Release 2009) (), CPU: Intel(R) Core(TM) i5-10300H CPU @ 2.50GHz, GPU: NVIDIA GeForce GTX 1650
LogInit: Compiled (64-bit): Feb 24 2020 15:39:18
LogInit: Compiled with Visual C++: 19.16.27032.01
LogInit: Build Configuration: Development
LogInit: Branch Name: ++UE4+Release-4.24
LogInit: Command Line: 
LogInit: Base Directory: D:/StudySoftware/UnrealEngine/UE_4.24/Engine/Binaries/Win64/
LogInit: Installed Engine Build: 1
LogDevObjectVersion: Number of dev versions registered: 25
LogDevObjectVersion:   Dev-Blueprints (B0D832E4-1F89-4F0D-ACCF-7EB736FD4AA2): 10
LogDevObjectVersion:   Dev-Build (E1C64328-A22C-4D53-A36C-8E866417BD8C): 0
LogDevObjectVersion:   Dev-Core (375EC13C-06E4-48FB-B500-84F0262A717E): 3
LogDevObjectVersion:   Dev-Editor (E4B068ED-F494-42E9-A231-DA0B2E46BB41): 37
LogDevObjectVersion:   Dev-Framework (CFFC743F-43B0-4480-9391-14DF171D2073): 36
LogDevObjectVersion:   Dev-Mobile (B02B49B5-BB20-44E9-A304-32B752E40360): 2
LogDevObjectVersion:   Dev-Networking (A4E4105C-59A1-49B5-A7C5-40C4547EDFEE): 0
LogDevObjectVersion:   Dev-Online (39C831C9-5AE6-47DC-9A44-9C173E1C8E7C): 0
LogDevObjectVersion:   Dev-Physics (78F01B33-EBEA-4F98-B9B4-84EACCB95AA2): 2
LogDevObjectVersion:   Dev-Platform (6631380F-2D4D-43E0-8009-CF276956A95A): 0
LogDevObjectVersion:   Dev-Rendering (12F88B9F-8875-4AFC-A67C-D90C383ABD29): 36
LogDevObjectVersion:   Dev-Sequencer (7B5AE74C-D270-4C10-A958-57980B212A5A): 11
LogDevObjectVersion:   Dev-VR (D7296918-1DD6-4BDD-9DE2-64A83CC13884): 2
LogDevObjectVersion:   Dev-LoadTimes (C2A15278-BFE7-4AFE-6C17-90FF531DF755): 1
LogDevObjectVersion:   Private-Geometry (6EACA3D4-40EC-4CC1-B786-8BED09428FC5): 3
LogDevObjectVersion:   Dev-AnimPhys (29E575DD-E0A3-4627-9D10-D276232CDCEA): 17
LogDevObjectVersion:   Dev-Anim (AF43A65D-7FD3-4947-9873-3E8ED9C1BB05): 2
LogDevObjectVersion:   Dev-ReflectionCapture (6B266CEC-1EC7-4B8F-A30B-E4D90942FC07): 1
LogDevObjectVersion:   Dev-Automation (0DF73D61-A23F-47EA-B727-89E90C41499A): 1
LogDevObjectVersion:   FortniteMain (601D1886-AC64-4F84-AA16-D3DE0DEAC7D6): 31
LogDevObjectVersion:   Dev-Enterprise (9DFFBCD6-494F-0158-E221-12823C92A888): 8
LogDevObjectVersion:   Dev-Niagara (F2AED0AC-9AFE-416F-8664-AA7FFA26D6FC): 1
LogDevObjectVersion:   Dev-Destruction (174F1F0B-B4C6-45A5-B13F-2EE8D0FB917D): 9
LogDevObjectVersion:   Dev-Physics-Ext (35F94A83-E258-406C-A318-09F59610247C): 8
LogDevObjectVersion:   Dev-CineCamera (B2E18506-4273-CFC2-A54E-F4BB758BBA07): 1
LogInit: Presizing for max 25165824 objects, including 0 objects not considered by GC, pre-allocating 0 bytes for permanent pool.
LogInit: Object subsystem initialized
LogConfig: Setting CVar [[con.DebugEarlyDefault:1]]
LogConfig: Setting CVar [[r.setres:1280x720]]
[2023.04.20-12.25.03:658][  0]LogConfig: Setting CVar [[r.VSync:0]]
[2023.04.20-12.25.03:658][  0]LogConfig: Setting CVar [[r.RHICmdBypass:0]]
[2023.04.20-12.25.03:659][  0]LogConfig: Applying CVar settings from Section [/Script/Engine.RendererSettings] File [D:/Z_Disktop/Notes/Unreal Engine 4/Projects_4.24/MyFirstGame/Saved/Config/Windows/Engine.ini]
[2023.04.20-12.25.03:659][  0]LogConfig: Setting CVar [[r.GPUCrashDebugging:0]]
[2023.04.20-12.25.03:659][  0]LogConfig: Applying CVar settings from Section [/Script/Engine.RendererOverrideSettings] File [D:/Z_Disktop/Notes/Unreal Engine 4/Projects_4.24/MyFirstGame/Saved/Config/Windows/Engine.ini]
[2023.04.20-12.25.03:659][  0]LogConfig: Applying CVar settings from Section [/Script/Engine.StreamingSettings] File [D:/Z_Disktop/Notes/Unreal Engine 4/Projects_4.24/MyFirstGame/Saved/Config/Windows/Engine.ini]
[2023.04.20-12.25.03:659][  0]LogConfig: Setting CVar [[s.MinBulkDataSizeForAsyncLoading:131072]]
[2023.04.20-12.25.03:659][  0]LogConfig: Setting CVar [[s.AsyncLoadingThreadEnabled:0]]
[2023.04.20-12.25.03:659][  0]LogConfig: Setting CVar [[s.EventDrivenLoaderEnabled:1]]
[2023.04.20-12.25.03:659][  0]LogConfig: Setting CVar [[s.WarnIfTimeLimitExceeded:0]]
[2023.04.20-12.25.03:659][  0]LogConfig: Setting CVar [[s.TimeLimitExceededMultiplier:1.5]]
[2023.04.20-12.25.03:659][  0]LogConfig: Setting CVar [[s.TimeLimitExceededMinTime:0.005]]
[2023.04.20-12.25.03:659][  0]LogConfig: Setting CVar [[s.UseBackgroundLevelStreaming:1]]
[2023.04.20-12.25.03:659][  0]LogConfig: Setting CVar [[s.PriorityAsyncLoadingExtraTime:15.0]]
[2023.04.20-12.25.03:659][  0]LogConfig: Setting CVar [[s.LevelStreamingActorsUpdateTimeLimit:5.0]]
[2023.04.20-12.25.03:659][  0]LogConfig: Setting CVar [[s.PriorityLevelStreamingActorsUpdateExtraTime:5.0]]
[2023.04.20-12.25.03:659][  0]LogConfig: Setting CVar [[s.LevelStreamingComponentsRegistrationGranularity:10]]
[2023.04.20-12.25.03:659][  0]LogConfig: Setting CVar [[s.UnregisterComponentsTimeLimit:1.0]]
[2023.04.20-12.25.03:659][  0]LogConfig: Setting CVar [[s.LevelStreamingComponentsUnregistrationGranularity:5]]
[2023.04.20-12.25.03:659][  0]LogConfig: Setting CVar [[s.FlushStreamingOnExit:1]]
[2023.04.20-12.25.03:659][  0]LogConfig: Applying CVar settings from Section [/Script/Engine.GarbageCollectionSettings] File [D:/Z_Disktop/Notes/Unreal Engine 4/Projects_4.24/MyFirstGame/Saved/Config/Windows/Engine.ini]
[2023.04.20-12.25.03:659][  0]LogConfig: Setting CVar [[gc.MaxObjectsNotConsideredByGC:1]]
[2023.04.20-12.25.03:659][  0]LogConfig: Setting CVar [[gc.SizeOfPermanentObjectPool:0]]
[2023.04.20-12.25.03:659][  0]LogConfig: Setting CVar [[gc.FlushStreamingOnGC:0]]
[2023.04.20-12.25.03:659][  0]LogConfig: Setting CVar [[gc.NumRetriesBeforeForcingGC:10]]
[2023.04.20-12.25.03:659][  0]LogConfig: Setting CVar [[gc.AllowParallelGC:1]]
[2023.04.20-12.25.03:659][  0]LogConfig: Setting CVar [[gc.TimeBetweenPurgingPendingKillObjects:61.1]]
[2023.04.20-12.25.03:659][  0]LogConfig: Setting CVar [[gc.MaxObjectsInEditor:25165824]]
[2023.04.20-12.25.03:659][  0]LogConfig: Setting CVar [[gc.IncrementalBeginDestroyEnabled:1]]
[2023.04.20-12.25.03:659][  0]LogConfig: Setting CVar [[gc.CreateGCClusters:1]]
[2023.04.20-12.25.03:659][  0]LogConfig: Setting CVar [[gc.MinGCClusterSize:5]]
[2023.04.20-12.25.03:659][  0]LogConfig: Setting CVar [[gc.ActorClusteringEnabled:0]]
[2023.04.20-12.25.03:659][  0]LogConfig: Setting CVar [[gc.BlueprintClusteringEnabled:0]]
[2023.04.20-12.25.03:659][  0]LogConfig: Setting CVar [[gc.UseDisregardForGCOnDedicatedServers:0]]
[2023.04.20-12.25.03:659][  0]LogConfig: Applying CVar settings from Section [/Script/Engine.NetworkSettings] File [D:/Z_Disktop/Notes/Unreal Engine 4/Projects_4.24/MyFirstGame/Saved/Config/Windows/Engine.ini]
[2023.04.20-12.25.03:659][  0]LogConfig: Applying CVar settings from Section [/Script/UnrealEd.CookerSettings] File [D:/Z_Disktop/Notes/Unreal Engine 4/Projects_4.24/MyFirstGame/Saved/Config/Windows/Engine.ini]
[2023.04.20-12.25.03:663][  0]LogConfig: Applying CVar settings from Section [ViewDistanceQuality@3] File [D:/Z_Disktop/Notes/Unreal Engine 4/Projects_4.24/MyFirstGame/Saved/Config/Windows/Scalability.ini]
[2023.04.20-12.25.03:663][  0]LogConfig: Setting CVar [[r.SkeletalMeshLODBias:0]]
[2023.04.20-12.25.03:663][  0]LogConfig: Setting CVar [[r.ViewDistanceScale:1.0]]
[2023.04.20-12.25.03:663][  0]LogConfig: Applying CVar settings from Section [AntiAliasingQuality@3] File [D:/Z_Disktop/Notes/Unreal Engine 4/Projects_4.24/MyFirstGame/Saved/Config/Windows/Scalability.ini]
[2023.04.20-12.25.03:663][  0]LogConfig: Setting CVar [[r.PostProcessAAQuality:4]]
[2023.04.20-12.25.03:663][  0]LogConfig: Applying CVar settings from Section [ShadowQuality@3] File [D:/Z_Disktop/Notes/Unreal Engine 4/Projects_4.24/MyFirstGame/Saved/Config/Windows/Scalability.ini]
[2023.04.20-12.25.03:663][  0]LogConfig: Setting CVar [[r.LightFunctionQuality:1]]
[2023.04.20-12.25.03:663][  0]LogConfig: Setting CVar [[r.ShadowQuality:5]]
[2023.04.20-12.25.03:663][  0]LogConfig: Setting CVar [[r.Shadow.CSM.MaxCascades:10]]
[2023.04.20-12.25.03:663][  0]LogConfig: Setting CVar [[r.Shadow.MaxResolution:2048]]
[2023.04.20-12.25.03:663][  0]LogConfig: Setting CVar [[r.Shadow.MaxCSMResolution:2048]]
[2023.04.20-12.25.03:663][  0]LogConfig: Setting CVar [[r.Shadow.RadiusThreshold:0.01]]
[2023.04.20-12.25.03:663][  0]LogConfig: Setting CVar [[r.Shadow.DistanceScale:1.0]]
[2023.04.20-12.25.03:663][  0]LogConfig: Setting CVar [[r.Shadow.CSM.TransitionScale:1.0]]
[2023.04.20-12.25.03:663][  0]LogConfig: Setting CVar [[r.Shadow.PreShadowResolutionFactor:1.0]]
[2023.04.20-12.25.03:663][  0]LogConfig: Setting CVar [[r.DistanceFieldShadowing:1]]
[2023.04.20-12.25.03:663][  0]LogConfig: Setting CVar [[r.DistanceFieldAO:1]]
[2023.04.20-12.25.03:663][  0]LogConfig: Setting CVar [[r.AOQuality:2]]
[2023.04.20-12.25.03:663][  0]LogConfig: Setting CVar [[r.VolumetricFog:1]]
[2023.04.20-12.25.03:663][  0]LogConfig: Setting CVar [[r.VolumetricFog.GridPixelSize:8]]
[2023.04.20-12.25.03:663][  0]LogConfig: Setting CVar [[r.VolumetricFog.GridSizeZ:128]]
[2023.04.20-12.25.03:663][  0]LogConfig: Setting CVar [[r.VolumetricFog.HistoryMissSupersampleCount:4]]
[2023.04.20-12.25.03:663][  0]LogConfig: Setting CVar [[r.LightMaxDrawDistanceScale:1]]
[2023.04.20-12.25.03:663][  0]LogConfig: Setting CVar [[r.CapsuleShadows:1]]
[2023.04.20-12.25.03:663][  0]LogConfig: Applying CVar settings from Section [PostProcessQuality@3] File [D:/Z_Disktop/Notes/Unreal Engine 4/Projects_4.24/MyFirstGame/Saved/Config/Windows/Scalability.ini]
[2023.04.20-12.25.03:663][  0]LogConfig: Setting CVar [[r.MotionBlurQuality:4]]
[2023.04.20-12.25.03:663][  0]LogConfig: Setting CVar [[r.AmbientOcclusionMipLevelFactor:0.4]]
[2023.04.20-12.25.03:663][  0]LogConfig: Setting CVar [[r.AmbientOcclusionMaxQuality:100]]
[2023.04.20-12.25.03:663][  0]LogConfig: Setting CVar [[r.AmbientOcclusionLevels:-1]]
[2023.04.20-12.25.03:663][  0]LogConfig: Setting CVar [[r.AmbientOcclusionRadiusScale:1.0]]
[2023.04.20-12.25.03:663][  0]LogConfig: Setting CVar [[r.DepthOfFieldQuality:2]]
[2023.04.20-12.25.03:663][  0]LogConfig: Setting CVar [[r.RenderTargetPoolMin:400]]
[2023.04.20-12.25.03:663][  0]LogConfig: Setting CVar [[r.LensFlareQuality:2]]
[2023.04.20-12.25.03:663][  0]LogConfig: Setting CVar [[r.SceneColorFringeQuality:1]]
[2023.04.20-12.25.03:663][  0]LogConfig: Setting CVar [[r.EyeAdaptationQuality:2]]
[2023.04.20-12.25.03:663][  0]LogConfig: Setting CVar [[r.BloomQuality:5]]
[2023.04.20-12.25.03:663][  0]LogConfig: Setting CVar [[r.FastBlurThreshold:100]]
[2023.04.20-12.25.03:663][  0]LogConfig: Setting CVar [[r.Upscale.Quality:3]]
[2023.04.20-12.25.03:663][  0]LogConfig: Setting CVar [[r.Tonemapper.GrainQuantization:1]]
[2023.04.20-12.25.03:663][  0]LogConfig: Setting CVar [[r.LightShaftQuality:1]]
[2023.04.20-12.25.03:663][  0]LogConfig: Setting CVar [[r.Filter.SizeScale:1]]
[2023.04.20-12.25.03:663][  0]LogConfig: Setting CVar [[r.Tonemapper.Quality:5]]
[2023.04.20-12.25.03:663][  0]LogConfig: Setting CVar [[r.DOF.Gather.AccumulatorQuality:1        ; higher gathering accumulator quality]]
[2023.04.20-12.25.03:663][  0]LogConfig: Setting CVar [[r.DOF.Gather.PostfilterMethod:1          ; Median3x3 postfilering method]]
[2023.04.20-12.25.03:663][  0]LogConfig: Setting CVar [[r.DOF.Gather.EnableBokehSettings:0       ; no bokeh simulation when gathering]]
[2023.04.20-12.25.03:663][  0]LogConfig: Setting CVar [[r.DOF.Gather.RingCount:4                 ; medium number of samples when gathering]]
[2023.04.20-12.25.03:663][  0]LogConfig: Setting CVar [[r.DOF.Scatter.ForegroundCompositing:1    ; additive foreground scattering]]
[2023.04.20-12.25.03:663][  0]LogConfig: Setting CVar [[r.DOF.Scatter.BackgroundCompositing:2    ; additive background scattering]]
[2023.04.20-12.25.03:663][  0]LogConfig: Setting CVar [[r.DOF.Scatter.EnableBokehSettings:1      ; bokeh simulation when scattering]]
[2023.04.20-12.25.03:663][  0]LogConfig: Setting CVar [[r.DOF.Scatter.MaxSpriteRatio:0.1         ; only a maximum of 10% of scattered bokeh]]
[2023.04.20-12.25.03:663][  0]LogConfig: Setting CVar [[r.DOF.Recombine.Quality:1                ; cheap slight out of focus]]
[2023.04.20-12.25.03:664][  0]LogConfig: Setting CVar [[r.DOF.Recombine.EnableBokehSettings:0    ; no bokeh simulation on slight out of focus]]
[2023.04.20-12.25.03:664][  0]LogConfig: Setting CVar [[r.DOF.TemporalAAQuality:1                ; more stable temporal accumulation]]
[2023.04.20-12.25.03:664][  0]LogConfig: Setting CVar [[r.DOF.Kernel.MaxForegroundRadius:0.025]]
[2023.04.20-12.25.03:664][  0]LogConfig: Setting CVar [[r.DOF.Kernel.MaxBackgroundRadius:0.025]]
[2023.04.20-12.25.03:664][  0]LogConfig: Applying CVar settings from Section [TextureQuality@3] File [D:/Z_Disktop/Notes/Unreal Engine 4/Projects_4.24/MyFirstGame/Saved/Config/Windows/Scalability.ini]
[2023.04.20-12.25.03:664][  0]LogConfig: Setting CVar [[r.Streaming.MipBias:0]]
[2023.04.20-12.25.03:664][  0]LogConfig: Setting CVar [[r.Streaming.AmortizeCPUToGPUCopy:0]]
[2023.04.20-12.25.03:664][  0]LogConfig: Setting CVar [[r.Streaming.MaxNumTexturesToStreamPerFrame:0]]
[2023.04.20-12.25.03:664][  0]LogConfig: Setting CVar [[r.Streaming.Boost:1]]
[2023.04.20-12.25.03:664][  0]LogConfig: Setting CVar [[r.MaxAnisotropy:8]]
[2023.04.20-12.25.03:664][  0]LogConfig: Setting CVar [[r.VT.MaxAnisotropy:8]]
[2023.04.20-12.25.03:664][  0]LogConfig: Setting CVar [[r.Streaming.LimitPoolSizeToVRAM:0]]
[2023.04.20-12.25.03:664][  0]LogConfig: Setting CVar [[r.Streaming.PoolSize:1000]]
[2023.04.20-12.25.03:664][  0]LogConfig: Setting CVar [[r.Streaming.MaxEffectiveScreenSize:0]]
[2023.04.20-12.25.03:664][  0]LogConfig: Applying CVar settings from Section [EffectsQuality@3] File [D:/Z_Disktop/Notes/Unreal Engine 4/Projects_4.24/MyFirstGame/Saved/Config/Windows/Scalability.ini]
[2023.04.20-12.25.03:664][  0]LogConfig: Setting CVar [[r.TranslucencyLightingVolumeDim:64]]
[2023.04.20-12.25.03:664][  0]LogConfig: Setting CVar [[r.RefractionQuality:2]]
[2023.04.20-12.25.03:664][  0]LogConfig: Setting CVar [[r.SSR.Quality:3]]
[2023.04.20-12.25.03:664][  0]LogConfig: Setting CVar [[r.SSR.HalfResSceneColor:0]]
[2023.04.20-12.25.03:664][  0]LogConfig: Setting CVar [[r.SceneColorFormat:4]]
[2023.04.20-12.25.03:664][  0]LogConfig: Setting CVar [[r.DetailMode:2]]
[2023.04.20-12.25.03:664][  0]LogConfig: Setting CVar [[r.TranslucencyVolumeBlur:1]]
[2023.04.20-12.25.03:664][  0]LogConfig: Setting CVar [[r.MaterialQualityLevel:1 ; High quality]]
[2023.04.20-12.25.03:664][  0]LogConfig: Setting CVar [[r.SSS.Scale:1]]
[2023.04.20-12.25.03:664][  0]LogConfig: Setting CVar [[r.SSS.SampleSet:2]]
[2023.04.20-12.25.03:664][  0]LogConfig: Setting CVar [[r.SSS.Quality:1]]
[2023.04.20-12.25.03:664][  0]LogConfig: Setting CVar [[r.SSS.HalfRes:1]]
[2023.04.20-12.25.03:664][  0]LogConfig: Setting CVar [[r.SSGI.Quality:3]]
[2023.04.20-12.25.03:664][  0]LogConfig: Setting CVar [[r.EmitterSpawnRateScale:1.0]]
[2023.04.20-12.25.03:664][  0]LogConfig: Setting CVar [[r.ParticleLightQuality:2]]
[2023.04.20-12.25.03:664][  0]LogConfig: Setting CVar [[r.SkyAtmosphere.AerialPerspectiveLUT.FastApplyOnOpaque:1 ; Always have FastSkyLUT 1 in this case to avoid wrong sky]]
[2023.04.20-12.25.03:664][  0]LogConfig: Setting CVar [[r.SkyAtmosphere.AerialPerspectiveLUT.SampleCountPerSlice:1]]
[2023.04.20-12.25.03:664][  0]LogConfig: Setting CVar [[r.SkyAtmosphere.AerialPerspectiveLUT.DepthResolution:16.0]]
[2023.04.20-12.25.03:664][  0]LogConfig: Setting CVar [[r.SkyAtmosphere.FastSkyLUT:1]]
[2023.04.20-12.25.03:664][  0]LogConfig: Setting CVar [[r.SkyAtmosphere.FastSkyLUT.SampleCountMin:4.0]]
[2023.04.20-12.25.03:664][  0]LogConfig: Setting CVar [[r.SkyAtmosphere.FastSkyLUT.SampleCountMax:32.0]]
[2023.04.20-12.25.03:664][  0]LogConfig: Setting CVar [[r.SkyAtmosphere.SampleCountMin:4.0]]
[2023.04.20-12.25.03:664][  0]LogConfig: Setting CVar [[r.SkyAtmosphere.SampleCountMax:32.0]]
[2023.04.20-12.25.03:664][  0]LogConfig: Setting CVar [[r.SkyAtmosphere.TransmittanceLUT.UseSmallFormat:0]]
[2023.04.20-12.25.03:664][  0]LogConfig: Setting CVar [[r.SkyAtmosphere.TransmittanceLUT.SampleCount:10.0]]
[2023.04.20-12.25.03:664][  0]LogConfig: Setting CVar [[r.SkyAtmosphere.MultiScatteringLUT.SampleCount:15.0]]
[2023.04.20-12.25.03:664][  0]LogConfig: Applying CVar settings from Section [FoliageQuality@3] File [D:/Z_Disktop/Notes/Unreal Engine 4/Projects_4.24/MyFirstGame/Saved/Config/Windows/Scalability.ini]
[2023.04.20-12.25.03:664][  0]LogConfig: Setting CVar [[foliage.DensityScale:1.0]]
[2023.04.20-12.25.03:664][  0]LogConfig: Setting CVar [[grass.DensityScale:1.0]]
[2023.04.20-12.25.03:664][  0]LogConfig: Applying CVar settings from Section [ShadingQuality@3] File [D:/Z_Disktop/Notes/Unreal Engine 4/Projects_4.24/MyFirstGame/Saved/Config/Windows/Scalability.ini]
[2023.04.20-12.25.03:664][  0]LogConfig: Setting CVar [[r.HairStrands.SkyLighting.SampleCount:16]]
[2023.04.20-12.25.03:664][  0]LogConfig: Setting CVar [[r.HairStrands.SkyLighting.JitterIntegration:0]]
[2023.04.20-12.25.03:664][  0]LogConfig: Setting CVar [[r.HairStrands.SkyAO.SampleCount:16]]
[2023.04.20-12.25.03:664][  0]LogInit: Selected Device Profile: [Windows]
[2023.04.20-12.25.03:664][  0]LogInit: Applying CVar settings loaded from the selected device profile: [Windows]
[2023.04.20-12.25.03:673][  0]LogHAL: Display: Platform has ~ 24 GB [25637933056 / 34359738368 / 24], which maps to Larger [LargestMinGB=32, LargerMinGB=12, DefaultMinGB=8, SmallerMinGB=6, SmallestMinGB=0)
[2023.04.20-12.25.03:673][  0]LogInit: Going up to parent DeviceProfile []
[2023.04.20-12.25.03:673][  0]LogConfig: Applying CVar settings from Section [ViewDistanceQuality@3] File [D:/Z_Disktop/Notes/Unreal Engine 4/Projects_4.24/MyFirstGame/Saved/Config/Windows/Scalability.ini]
[2023.04.20-12.25.03:673][  0]LogConfig: Setting CVar [[r.SkeletalMeshLODBias:0]]
[2023.04.20-12.25.03:673][  0]LogConfig: Setting CVar [[r.ViewDistanceScale:1.0]]
[2023.04.20-12.25.03:673][  0]LogConfig: Applying CVar settings from Section [AntiAliasingQuality@3] File [D:/Z_Disktop/Notes/Unreal Engine 4/Projects_4.24/MyFirstGame/Saved/Config/Windows/Scalability.ini]
[2023.04.20-12.25.03:673][  0]LogConfig: Setting CVar [[r.PostProcessAAQuality:4]]
[2023.04.20-12.25.03:673][  0]LogConfig: Applying CVar settings from Section [ShadowQuality@3] File [D:/Z_Disktop/Notes/Unreal Engine 4/Projects_4.24/MyFirstGame/Saved/Config/Windows/Scalability.ini]
[2023.04.20-12.25.03:673][  0]LogConfig: Setting CVar [[r.LightFunctionQuality:1]]
[2023.04.20-12.25.03:673][  0]LogConfig: Setting CVar [[r.ShadowQuality:5]]
[2023.04.20-12.25.03:673][  0]LogConfig: Setting CVar [[r.Shadow.CSM.MaxCascades:10]]
[2023.04.20-12.25.03:673][  0]LogConfig: Setting CVar [[r.Shadow.MaxResolution:2048]]
[2023.04.20-12.25.03:673][  0]LogConfig: Setting CVar [[r.Shadow.MaxCSMResolution:2048]]
[2023.04.20-12.25.03:673][  0]LogConfig: Setting CVar [[r.Shadow.RadiusThreshold:0.01]]
[2023.04.20-12.25.03:673][  0]LogConfig: Setting CVar [[r.Shadow.DistanceScale:1.0]]
[2023.04.20-12.25.03:673][  0]LogConfig: Setting CVar [[r.Shadow.CSM.TransitionScale:1.0]]
[2023.04.20-12.25.03:673][  0]LogConfig: Setting CVar [[r.Shadow.PreShadowResolutionFactor:1.0]]
[2023.04.20-12.25.03:673][  0]LogConfig: Setting CVar [[r.DistanceFieldShadowing:1]]
[2023.04.20-12.25.03:673][  0]LogConfig: Setting CVar [[r.DistanceFieldAO:1]]
[2023.04.20-12.25.03:673][  0]LogConfig: Setting CVar [[r.AOQuality:2]]
[2023.04.20-12.25.03:673][  0]LogConfig: Setting CVar [[r.VolumetricFog:1]]
[2023.04.20-12.25.03:673][  0]LogConfig: Setting CVar [[r.VolumetricFog.GridPixelSize:8]]
[2023.04.20-12.25.03:673][  0]LogConfig: Setting CVar [[r.VolumetricFog.GridSizeZ:128]]
[2023.04.20-12.25.03:674][  0]LogConfig: Setting CVar [[r.VolumetricFog.HistoryMissSupersampleCount:4]]
[2023.04.20-12.25.03:674][  0]LogConfig: Setting CVar [[r.LightMaxDrawDistanceScale:1]]
[2023.04.20-12.25.03:674][  0]LogConfig: Setting CVar [[r.CapsuleShadows:1]]
[2023.04.20-12.25.03:674][  0]LogConfig: Applying CVar settings from Section [PostProcessQuality@3] File [D:/Z_Disktop/Notes/Unreal Engine 4/Projects_4.24/MyFirstGame/Saved/Config/Windows/Scalability.ini]
[2023.04.20-12.25.03:674][  0]LogConfig: Setting CVar [[r.MotionBlurQuality:4]]
[2023.04.20-12.25.03:674][  0]LogConfig: Setting CVar [[r.AmbientOcclusionMipLevelFactor:0.4]]
[2023.04.20-12.25.03:674][  0]LogConfig: Setting CVar [[r.AmbientOcclusionMaxQuality:100]]
[2023.04.20-12.25.03:674][  0]LogConfig: Setting CVar [[r.AmbientOcclusionLevels:-1]]
[2023.04.20-12.25.03:674][  0]LogConfig: Setting CVar [[r.AmbientOcclusionRadiusScale:1.0]]
[2023.04.20-12.25.03:674][  0]LogConfig: Setting CVar [[r.DepthOfFieldQuality:2]]
[2023.04.20-12.25.03:674][  0]LogConfig: Setting CVar [[r.RenderTargetPoolMin:400]]
[2023.04.20-12.25.03:674][  0]LogConfig: Setting CVar [[r.LensFlareQuality:2]]
[2023.04.20-12.25.03:674][  0]LogConfig: Setting CVar [[r.SceneColorFringeQuality:1]]
[2023.04.20-12.25.03:674][  0]LogConfig: Setting CVar [[r.EyeAdaptationQuality:2]]
[2023.04.20-12.25.03:674][  0]LogConfig: Setting CVar [[r.BloomQuality:5]]
[2023.04.20-12.25.03:674][  0]LogConfig: Setting CVar [[r.FastBlurThreshold:100]]
[2023.04.20-12.25.03:674][  0]LogConfig: Setting CVar [[r.Upscale.Quality:3]]
[2023.04.20-12.25.03:674][  0]LogConfig: Setting CVar [[r.Tonemapper.GrainQuantization:1]]
[2023.04.20-12.25.03:674][  0]LogConfig: Setting CVar [[r.LightShaftQuality:1]]
[2023.04.20-12.25.03:674][  0]LogConfig: Setting CVar [[r.Filter.SizeScale:1]]
[2023.04.20-12.25.03:674][  0]LogConfig: Setting CVar [[r.Tonemapper.Quality:5]]
[2023.04.20-12.25.03:674][  0]LogConfig: Setting CVar [[r.DOF.Gather.AccumulatorQuality:1        ; higher gathering accumulator quality]]
[2023.04.20-12.25.03:674][  0]LogConfig: Setting CVar [[r.DOF.Gather.PostfilterMethod:1          ; Median3x3 postfilering method]]
[2023.04.20-12.25.03:674][  0]LogConfig: Setting CVar [[r.DOF.Gather.EnableBokehSettings:0       ; no bokeh simulation when gathering]]
[2023.04.20-12.25.03:674][  0]LogConfig: Setting CVar [[r.DOF.Gather.RingCount:4                 ; medium number of samples when gathering]]
[2023.04.20-12.25.03:674][  0]LogConfig: Setting CVar [[r.DOF.Scatter.ForegroundCompositing:1    ; additive foreground scattering]]
[2023.04.20-12.25.03:674][  0]LogConfig: Setting CVar [[r.DOF.Scatter.BackgroundCompositing:2    ; additive background scattering]]
[2023.04.20-12.25.03:674][  0]LogConfig: Setting CVar [[r.DOF.Scatter.EnableBokehSettings:1      ; bokeh simulation when scattering]]
[2023.04.20-12.25.03:674][  0]LogConfig: Setting CVar [[r.DOF.Scatter.MaxSpriteRatio:0.1         ; only a maximum of 10% of scattered bokeh]]
[2023.04.20-12.25.03:674][  0]LogConfig: Setting CVar [[r.DOF.Recombine.Quality:1                ; cheap slight out of focus]]
[2023.04.20-12.25.03:674][  0]LogConfig: Setting CVar [[r.DOF.Recombine.EnableBokehSettings:0    ; no bokeh simulation on slight out of focus]]
[2023.04.20-12.25.03:674][  0]LogConfig: Setting CVar [[r.DOF.TemporalAAQuality:1                ; more stable temporal accumulation]]
[2023.04.20-12.25.03:674][  0]LogConfig: Setting CVar [[r.DOF.Kernel.MaxForegroundRadius:0.025]]
[2023.04.20-12.25.03:674][  0]LogConfig: Setting CVar [[r.DOF.Kernel.MaxBackgroundRadius:0.025]]
[2023.04.20-12.25.03:674][  0]LogConfig: Applying CVar settings from Section [TextureQuality@3] File [D:/Z_Disktop/Notes/Unreal Engine 4/Projects_4.24/MyFirstGame/Saved/Config/Windows/Scalability.ini]
[2023.04.20-12.25.03:674][  0]LogConfig: Setting CVar [[r.Streaming.MipBias:0]]
[2023.04.20-12.25.03:674][  0]LogConfig: Setting CVar [[r.Streaming.AmortizeCPUToGPUCopy:0]]
[2023.04.20-12.25.03:674][  0]LogConfig: Setting CVar [[r.Streaming.MaxNumTexturesToStreamPerFrame:0]]
[2023.04.20-12.25.03:674][  0]LogConfig: Setting CVar [[r.Streaming.Boost:1]]
[2023.04.20-12.25.03:674][  0]LogConfig: Setting CVar [[r.MaxAnisotropy:8]]
[2023.04.20-12.25.03:674][  0]LogConfig: Setting CVar [[r.VT.MaxAnisotropy:8]]
[2023.04.20-12.25.03:674][  0]LogConfig: Setting CVar [[r.Streaming.LimitPoolSizeToVRAM:0]]
[2023.04.20-12.25.03:674][  0]LogConfig: Setting CVar [[r.Streaming.PoolSize:1000]]
[2023.04.20-12.25.03:674][  0]LogConfig: Setting CVar [[r.Streaming.MaxEffectiveScreenSize:0]]
[2023.04.20-12.25.03:674][  0]LogConfig: Applying CVar settings from Section [EffectsQuality@3] File [D:/Z_Disktop/Notes/Unreal Engine 4/Projects_4.24/MyFirstGame/Saved/Config/Windows/Scalability.ini]
[2023.04.20-12.25.03:674][  0]LogConfig: Setting CVar [[r.TranslucencyLightingVolumeDim:64]]
[2023.04.20-12.25.03:674][  0]LogConfig: Setting CVar [[r.RefractionQuality:2]]
[2023.04.20-12.25.03:674][  0]LogConfig: Setting CVar [[r.SSR.Quality:3]]
[2023.04.20-12.25.03:674][  0]LogConfig: Setting CVar [[r.SSR.HalfResSceneColor:0]]
[2023.04.20-12.25.03:674][  0]LogConfig: Setting CVar [[r.SceneColorFormat:4]]
[2023.04.20-12.25.03:674][  0]LogConfig: Setting CVar [[r.DetailMode:2]]
[2023.04.20-12.25.03:674][  0]LogConfig: Setting CVar [[r.TranslucencyVolumeBlur:1]]
[2023.04.20-12.25.03:674][  0]LogConfig: Setting CVar [[r.MaterialQualityLevel:1 ; High quality]]
[2023.04.20-12.25.03:674][  0]LogConfig: Setting CVar [[r.SSS.Scale:1]]
[2023.04.20-12.25.03:674][  0]LogConfig: Setting CVar [[r.SSS.SampleSet:2]]
[2023.04.20-12.25.03:674][  0]LogConfig: Setting CVar [[r.SSS.Quality:1]]
[2023.04.20-12.25.03:674][  0]LogConfig: Setting CVar [[r.SSS.HalfRes:1]]
[2023.04.20-12.25.03:674][  0]LogConfig: Setting CVar [[r.SSGI.Quality:3]]
[2023.04.20-12.25.03:674][  0]LogConfig: Setting CVar [[r.EmitterSpawnRateScale:1.0]]
[2023.04.20-12.25.03:674][  0]LogConfig: Setting CVar [[r.ParticleLightQuality:2]]
[2023.04.20-12.25.03:675][  0]LogConfig: Setting CVar [[r.SkyAtmosphere.AerialPerspectiveLUT.FastApplyOnOpaque:1 ; Always have FastSkyLUT 1 in this case to avoid wrong sky]]
[2023.04.20-12.25.03:675][  0]LogConfig: Setting CVar [[r.SkyAtmosphere.AerialPerspectiveLUT.SampleCountPerSlice:1]]
[2023.04.20-12.25.03:675][  0]LogConfig: Setting CVar [[r.SkyAtmosphere.AerialPerspectiveLUT.DepthResolution:16.0]]
[2023.04.20-12.25.03:675][  0]LogConfig: Setting CVar [[r.SkyAtmosphere.FastSkyLUT:1]]
[2023.04.20-12.25.03:675][  0]LogConfig: Setting CVar [[r.SkyAtmosphere.FastSkyLUT.SampleCountMin:4.0]]
[2023.04.20-12.25.03:675][  0]LogConfig: Setting CVar [[r.SkyAtmosphere.FastSkyLUT.SampleCountMax:32.0]]
[2023.04.20-12.25.03:675][  0]LogConfig: Setting CVar [[r.SkyAtmosphere.SampleCountMin:4.0]]
[2023.04.20-12.25.03:675][  0]LogConfig: Setting CVar [[r.SkyAtmosphere.SampleCountMax:32.0]]
[2023.04.20-12.25.03:675][  0]LogConfig: Setting CVar [[r.SkyAtmosphere.TransmittanceLUT.UseSmallFormat:0]]
[2023.04.20-12.25.03:675][  0]LogConfig: Setting CVar [[r.SkyAtmosphere.TransmittanceLUT.SampleCount:10.0]]
[2023.04.20-12.25.03:675][  0]LogConfig: Setting CVar [[r.SkyAtmosphere.MultiScatteringLUT.SampleCount:15.0]]
[2023.04.20-12.25.03:675][  0]LogConfig: Applying CVar settings from Section [FoliageQuality@3] File [D:/Z_Disktop/Notes/Unreal Engine 4/Projects_4.24/MyFirstGame/Saved/Config/Windows/Scalability.ini]
[2023.04.20-12.25.03:675][  0]LogConfig: Setting CVar [[foliage.DensityScale:1.0]]
[2023.04.20-12.25.03:675][  0]LogConfig: Setting CVar [[grass.DensityScale:1.0]]
[2023.04.20-12.25.03:675][  0]LogConfig: Applying CVar settings from Section [ShadingQuality@3] File [D:/Z_Disktop/Notes/Unreal Engine 4/Projects_4.24/MyFirstGame/Saved/Config/Windows/Scalability.ini]
[2023.04.20-12.25.03:675][  0]LogConfig: Setting CVar [[r.HairStrands.SkyLighting.SampleCount:16]]
[2023.04.20-12.25.03:675][  0]LogConfig: Setting CVar [[r.HairStrands.SkyLighting.JitterIntegration:0]]
[2023.04.20-12.25.03:675][  0]LogConfig: Setting CVar [[r.HairStrands.SkyAO.SampleCount:16]]
[2023.04.20-12.25.03:675][  0]LogConfig: Applying CVar settings from Section [Startup] File [../../../Engine/Config/ConsoleVariables.ini]
[2023.04.20-12.25.03:681][  0]LogConfig: Setting CVar [[net.UseAdaptiveNetUpdateFrequency:0]]
[2023.04.20-12.25.03:681][  0]LogConfig: Setting CVar [[p.chaos.AllowCreatePhysxBodies:1]]
[2023.04.20-12.25.03:681][  0]LogConfig: Applying CVar settings from Section [ConsoleVariables] File [D:/Z_Disktop/Notes/Unreal Engine 4/Projects_4.24/MyFirstGame/Saved/Config/Windows/Engine.ini]
[2023.04.20-12.25.03:682][  0]LogInit: Computer: DESKTOP-V33RR2J
[2023.04.20-12.25.03:682][  0]LogInit: User: z1769
[2023.04.20-12.25.03:682][  0]LogInit: CPU Page size=4096, Cores=4
[2023.04.20-12.25.03:682][  0]LogInit: High frequency timer resolution =10.000000 MHz
[2023.04.20-12.25.03:682][  0]LogMemory: Memory total: Physical=23.9GB (24GB approx)
[2023.04.20-12.25.03:682][  0]LogMemory: Platform Memory Stats for Windows
[2023.04.20-12.25.03:682][  0]LogMemory: Process Physical Memory: 111.26 MB used, 111.26 MB peak
[2023.04.20-12.25.03:682][  0]LogMemory: Process Virtual Memory: 101.68 MB used, 101.68 MB peak
[2023.04.20-12.25.03:682][  0]LogMemory: Physical Memory: 12477.41 MB used,  11972.83 MB free, 24450.24 MB total
[2023.04.20-12.25.03:682][  0]LogMemory: Virtual Memory: 5141.18 MB used,  134212584.00 MB free, 134217728.00 MB total
[2023.04.20-12.25.03:685][  0]LogWindows: WindowsPlatformFeatures enabled
[2023.04.20-12.25.04:044][  0]LogInit: Using OS detected language (zh-CN).
[2023.04.20-12.25.04:044][  0]LogInit: Using OS detected locale (zh-CN).
[2023.04.20-12.25.04:046][  0]LogTextLocalizationManager: No specific localization for 'zh-CN' exists, so the 'zh-Hans' localization will be used.
[2023.04.20-12.25.04:249][  0]LogTextLocalizationResource: LocRes '../../../Engine/Content/Localization/Editor/zh/Editor.locres' could not be opened for reading!
[2023.04.20-12.25.04:249][  0]LogTextLocalizationResource: LocRes '../../../Engine/Content/Localization/EditorTutorials/zh/EditorTutorials.locres' could not be opened for reading!
[2023.04.20-12.25.04:249][  0]LogTextLocalizationResource: LocRes '../../../Engine/Content/Localization/Keywords/zh/Keywords.locres' could not be opened for reading!
[2023.04.20-12.25.04:249][  0]LogTextLocalizationResource: LocRes '../../../Engine/Content/Localization/Category/zh/Category.locres' could not be opened for reading!
[2023.04.20-12.25.04:249][  0]LogTextLocalizationResource: LocRes '../../../Engine/Content/Localization/ToolTips/zh/ToolTips.locres' could not be opened for reading!
[2023.04.20-12.25.04:249][  0]LogTextLocalizationResource: LocRes '../../../Engine/Content/Localization/PropertyNames/zh/PropertyNames.locres' could not be opened for reading!
[2023.04.20-12.25.04:249][  0]LogTextLocalizationResource: LocRes '../../../Engine/Content/Localization/Engine/zh/Engine.locres' could not be opened for reading!
[2023.04.20-12.25.04:249][  0]LogTextLocalizationResource: LocRes '../../../Engine/Plugins/Online/Android/OnlineSubsystemGooglePlay/Content/Localization/OnlineSubsystemGooglePlay/zh/OnlineSubsystemGooglePlay.locres' could not be opened for reading!
[2023.04.20-12.25.04:249][  0]LogTextLocalizationResource: LocRes '../../../Engine/Plugins/Online/IOS/OnlineSubsystemIOS/Content/Localization/OnlineSubsystemIOS/zh/OnlineSubsystemIOS.locres' could not be opened for reading!
[2023.04.20-12.25.04:250][  0]LogTextLocalizationResource: LocRes '../../../Engine/Plugins/Online/OnlineSubsystem/Content/Localization/OnlineSubsystem/zh/OnlineSubsystem.locres' could not be opened for reading!
[2023.04.20-12.25.04:250][  0]LogTextLocalizationResource: LocRes '../../../Engine/Plugins/Online/OnlineSubsystemUtils/Content/Localization/OnlineSubsystemUtils/zh/OnlineSubsystemUtils.locres' could not be opened for reading!
[2023.04.20-12.25.04:289][  0]LogInit: Setting process to per monitor DPI aware
[2023.04.20-12.25.04:440][  0]LogSlate: New Slate User Created.  User Index 0, Is Virtual User: 0
[2023.04.20-12.25.04:440][  0]LogSlate: Slate User Registered.  User Index 0, Is Virtual User: 0
[2023.04.20-12.25.07:312][  0]LogHMD: Failed to initialize OpenVR with code 110
[2023.04.20-12.25.07:312][  0]LogD3D11RHI: D3D11 min allowed feature level: 11_0
[2023.04.20-12.25.07:312][  0]LogD3D11RHI: D3D11 max allowed feature level: 11_0
[2023.04.20-12.25.07:312][  0]LogD3D11RHI: D3D11 adapters:
[2023.04.20-12.25.07:483][  0]LogD3D11RHI:    0. 'NVIDIA GeForce GTX 1650' (Feature Level 11_0)
[2023.04.20-12.25.07:483][  0]LogD3D11RHI:       3949/0/12225 MB DedicatedVideo/DedicatedSystem/SharedSystem, Outputs:1, VendorId:0x10de
[2023.04.20-12.25.07:488][  0]LogD3D11RHI:    1. 'Microsoft Basic Render Driver' (Feature Level 11_0)
[2023.04.20-12.25.07:488][  0]LogD3D11RHI:       0/0/12225 MB DedicatedVideo/DedicatedSystem/SharedSystem, Outputs:0, VendorId:0x1414
[2023.04.20-12.25.07:488][  0]LogD3D11RHI: Chosen D3D11 Adapter: 0
[2023.04.20-12.25.07:497][  0]LogD3D11RHI: Creating new Direct3DDevice
[2023.04.20-12.25.07:498][  0]LogD3D11RHI:     GPU DeviceId: 0x1f99 (for the marketing name, search the web for "GPU Device Id")
[2023.04.20-12.25.07:498][  0]LogWindows: EnumDisplayDevices:
[2023.04.20-12.25.07:498][  0]LogWindows:    0. 'NVIDIA GeForce GTX 1650' (P:1 D:1)
[2023.04.20-12.25.07:499][  0]LogWindows:    1. 'NVIDIA GeForce GTX 1650' (P:0 D:0)
[2023.04.20-12.25.07:499][  0]LogWindows:    2. 'NVIDIA GeForce GTX 1650' (P:0 D:0)
[2023.04.20-12.25.07:500][  0]LogWindows:    3. 'NVIDIA GeForce GTX 1650' (P:0 D:0)
[2023.04.20-12.25.07:500][  0]LogWindows: DebugString: FoundDriverCount:4 
[2023.04.20-12.25.07:500][  0]LogD3D11RHI:     Adapter Name: NVIDIA GeForce GTX 1650
[2023.04.20-12.25.07:500][  0]LogD3D11RHI:   Driver Version: 531.41 (internal:31.0.15.3141, unified:531.41)
[2023.04.20-12.25.07:500][  0]LogD3D11RHI:      Driver Date: 3-16-2023
[2023.04.20-12.25.07:500][  0]LogRHI: Texture pool is 2764 MB (70% of 3949 MB)
[2023.04.20-12.25.07:656][  0]LogD3D11RHI: RHI has support for 64 bit atomics
[2023.04.20-12.25.07:656][  0]LogD3D11RHI: Async texture creation enabled
[2023.04.20-12.25.07:689][  0]LogD3D11RHI: GPU Timing Frequency: 1000.000000 (Debug: 2 1)
[2023.04.20-12.25.08:830][  0]LogTargetPlatformManager: Display: Loaded TargetPlatform 'AllDesktop'
[2023.04.20-12.25.08:905][  0]LogTargetPlatformManager: Display: Loaded TargetPlatform 'Android'
[2023.04.20-12.25.08:905][  0]LogTargetPlatformManager: Display: Loaded TargetPlatform 'Android_ASTC'
[2023.04.20-12.25.08:905][  0]LogTargetPlatformManager: Display: Loaded TargetPlatform 'Android_ATC'
[2023.04.20-12.25.08:905][  0]LogTargetPlatformManager: Display: Loaded TargetPlatform 'Android_DXT'
[2023.04.20-12.25.08:906][  0]LogTargetPlatformManager: Display: Loaded TargetPlatform 'Android_ETC1'
[2023.04.20-12.25.08:906][  0]LogTargetPlatformManager: Display: Loaded TargetPlatform 'Android_ETC1a'
[2023.04.20-12.25.08:906][  0]LogTargetPlatformManager: Display: Loaded TargetPlatform 'Android_ETC2'
[2023.04.20-12.25.08:906][  0]LogTargetPlatformManager: Display: Loaded TargetPlatform 'Android_PVRTC'
[2023.04.20-12.25.08:906][  0]LogTargetPlatformManager: Display: Loaded TargetPlatform 'AndroidClient'
[2023.04.20-12.25.08:906][  0]LogTargetPlatformManager: Display: Loaded TargetPlatform 'Android_ASTCClient'
[2023.04.20-12.25.08:906][  0]LogTargetPlatformManager: Display: Loaded TargetPlatform 'Android_ATCClient'
[2023.04.20-12.25.08:906][  0]LogTargetPlatformManager: Display: Loaded TargetPlatform 'Android_DXTClient'
[2023.04.20-12.25.08:906][  0]LogTargetPlatformManager: Display: Loaded TargetPlatform 'Android_ETC1Client'
[2023.04.20-12.25.08:906][  0]LogTargetPlatformManager: Display: Loaded TargetPlatform 'Android_ETC1aClient'
[2023.04.20-12.25.08:906][  0]LogTargetPlatformManager: Display: Loaded TargetPlatform 'Android_ETC2Client'
[2023.04.20-12.25.08:906][  0]LogTargetPlatformManager: Display: Loaded TargetPlatform 'Android_PVRTCClient'
[2023.04.20-12.25.08:906][  0]LogTargetPlatformManager: Display: Loaded TargetPlatform 'Android_Multi'
[2023.04.20-12.25.08:906][  0]LogTargetPlatformManager: Display: Loaded TargetPlatform 'Android_MultiClient'
[2023.04.20-12.25.09:005][  0]LogTargetPlatformManager: Display: Loaded TargetPlatform 'IOSClient'
[2023.04.20-12.25.09:005][  0]LogTargetPlatformManager: Display: Loaded TargetPlatform 'IOS'
[2023.04.20-12.25.09:027][  0]LogTargetPlatformManager: Display: Loaded TargetPlatform 'LinuxNoEditor'
[2023.04.20-12.25.09:051][  0]LogTargetPlatformManager: Display: Loaded TargetPlatform 'LinuxClient'
[2023.04.20-12.25.09:073][  0]LogTargetPlatformManager: Display: Loaded TargetPlatform 'LinuxServer'
[2023.04.20-12.25.09:095][  0]LogTargetPlatformManager: Display: Loaded TargetPlatform 'LinuxAArch64NoEditor'
[2023.04.20-12.25.09:118][  0]LogTargetPlatformManager: Display: Loaded TargetPlatform 'LinuxAArch64Client'
[2023.04.20-12.25.09:148][  0]LogTargetPlatformManager: Display: Loaded TargetPlatform 'LinuxAArch64Server'
[2023.04.20-12.25.09:235][  0]LogTargetPlatformManager: Display: Loaded TargetPlatform 'Lumin'
[2023.04.20-12.25.09:235][  0]LogTargetPlatformManager: Display: Loaded TargetPlatform 'LuminClient'
[2023.04.20-12.25.09:292][  0]LogTargetPlatformManager: Display: Loaded TargetPlatform 'TVOSClient'
[2023.04.20-12.25.09:292][  0]LogTargetPlatformManager: Display: Loaded TargetPlatform 'TVOS'
[2023.04.20-12.25.09:328][  0]LogTargetPlatformManager: Display: Loaded TargetPlatform 'WindowsNoEditor'
[2023.04.20-12.25.09:358][  0]LogTargetPlatformManager: Display: Loaded TargetPlatform 'Windows'
[2023.04.20-12.25.09:385][  0]LogTargetPlatformManager: Display: Loaded TargetPlatform 'WindowsClient'
[2023.04.20-12.25.09:411][  0]LogTargetPlatformManager: Display: Loaded TargetPlatform 'WindowsServer'
[2023.04.20-12.25.09:411][  0]LogTargetPlatformManager: Display: Building Assets For Windows
[2023.04.20-12.25.09:486][  0]LogAudioDebug: Display: Lib vorbis DLL was dynamically loaded.
[2023.04.20-12.25.09:847][  0]LogShaderCompilers: Guid format shader working directory is -29 characters bigger than the processId version (../../../../../../Z_Disktop/Notes/Unreal Engine 4/Projects_4.24/MyFirstGame/Intermediate/Shaders/WorkingDirectory/7332/).
[2023.04.20-12.25.09:847][  0]LogShaderCompilers: Cleaned the shader compiler working directory 'C:/Users/z1769/AppData/Local/Temp/UnrealShaderWorkingDir/F3A861DA434929B36E9BC580F8140CB4/'.
[2023.04.20-12.25.09:848][  0]LogXGEController: Cleaning working directory: C:/Users/z1769/AppData/Local/Temp/UnrealXGEWorkingDir/
[2023.04.20-12.25.09:849][  0]LogXGEController: Cannot use XGE Controller as Incredibuild is not installed on this machine.
[2023.04.20-12.25.09:849][  0]LogShaderCompilers: Cannot use XGE Shader Compiler as Incredibuild is not installed on this machine.
[2023.04.20-12.25.09:849][  0]LogShaderCompilers: Display: Using Local Shader Compiler.
[2023.04.20-12.25.13:127][  0]LogDerivedDataCache: Display: Max Cache Size: 512 MB
[2023.04.20-12.25.13:228][  0]LogDerivedDataCache: Loaded boot cache 0.10s 95MB C:/Users/z1769/AppData/Local/UnrealEngine/4.24/DerivedDataCache/Boot.ddc.
[2023.04.20-12.25.13:229][  0]LogDerivedDataCache: Display: Loaded Boot cache: C:/Users/z1769/AppData/Local/UnrealEngine/4.24/DerivedDataCache/Boot.ddc
[2023.04.20-12.25.13:229][  0]LogDerivedDataCache: FDerivedDataBackendGraph:  Pak pak cache file ../../../../../../Z_Disktop/Notes/Unreal Engine 4/Projects_4.24/MyFirstGame/DerivedDataCache/DDC.ddp not found, will not use a pak cache.
[2023.04.20-12.25.13:229][  0]LogDerivedDataCache: Unable to find inner node Pak for hierarchical cache Hierarchy.
[2023.04.20-12.25.13:229][  0]LogDerivedDataCache: FDerivedDataBackendGraph:  CompressedPak pak cache file ../../../../../../Z_Disktop/Notes/Unreal Engine 4/Projects_4.24/MyFirstGame/DerivedDataCache/Compressed.ddp not found, will not use a pak cache.
[2023.04.20-12.25.13:229][  0]LogDerivedDataCache: Unable to find inner node CompressedPak for hierarchical cache Hierarchy.
[2023.04.20-12.25.13:247][  0]LogDerivedDataCache: Display: Pak cache opened for reading ../../../Engine/DerivedDataCache/Compressed.ddp.
[2023.04.20-12.25.13:247][  0]LogDerivedDataCache: FDerivedDataBackendGraph:  EnterprisePak pak cache file ../../../Enterprise/DerivedDataCache/Compressed.ddp not found, will not use a pak cache.
[2023.04.20-12.25.13:247][  0]LogDerivedDataCache: Unable to find inner node EnterprisePak for hierarchical cache Hierarchy.
[2023.04.20-12.25.13:248][  0]LogDerivedDataCache: Using Local data cache path ../../../../../../Z_Disktop/Notes/Unreal Engine 4/Projects_4.24/MyFirstGame/DerivedDataCache: Writable
[2023.04.20-12.25.13:248][  0]LogDerivedDataCache: Shared data cache path not found in *engine.ini, will not use an Shared cache.
[2023.04.20-12.25.13:248][  0]LogDerivedDataCache: Unable to find inner node Shared for hierarchical cache Hierarchy.
[2023.04.20-12.25.13:274][  0]LogMaterial: Verifying Global Shaders for PCD3D_SM5
[2023.04.20-12.25.13:280][  0]LogSlate: Using FreeType 2.10.0
[2023.04.20-12.25.13:294][  0]LogSlate: SlateFontServices - WITH_FREETYPE: 1, WITH_HARFBUZZ: 1
[2023.04.20-12.25.14:404][  0]LogAssetRegistry: FAssetRegistry took 0.0051 seconds to start up
[2023.04.20-12.25.14:784][  0]LogInit: Selected Device Profile: [Windows]
[2023.04.20-12.25.15:269][  0]LogMeshReduction: Using QuadricMeshReduction for automatic static mesh reduction
[2023.04.20-12.25.15:269][  0]LogMeshReduction: Using SimplygonMeshReduction for automatic skeletal mesh reduction
[2023.04.20-12.25.15:269][  0]LogMeshReduction: Using ProxyLODMeshReduction for automatic mesh merging
[2023.04.20-12.25.15:269][  0]LogMeshReduction: No distributed automatic mesh merging module available
[2023.04.20-12.25.15:269][  0]LogMeshMerging: No distributed automatic mesh merging module available
[2023.04.20-12.25.15:311][  0]LogNetVersion: MyFirstGame 1.0.0, NetCL: 10570792, EngineNetVer: 13, GameNetVer: 0 (Checksum: 177161454)
[2023.04.20-12.25.24:831][  0]LogPackageLocalizationCache: Processed 15 localized package path(s) for 2 prioritized culture(s) in 0.123250 seconds
[2023.04.20-12.25.24:838][  0]LogUObjectArray: 46750 objects as part of root set at end of initial load.
[2023.04.20-12.25.24:838][  0]LogUObjectAllocator: 8137160 out of 0 bytes used by permanent object pool.
[2023.04.20-12.25.24:838][  0]LogUObjectArray: CloseDisregardForGC: 0/0 objects in disregard for GC pool
[2023.04.20-12.25.26:993][  0]LogTcpMessaging: Initializing TcpMessaging bridge
[2023.04.20-12.25.27:019][  0]LogUdpMessaging: Initializing bridge on interface 0.0.0.0:0 to multicast group 230.0.0.1:6666.
[2023.04.20-12.25.27:391][  0]SourceControl: 源码管理已禁用
[2023.04.20-12.25.27:392][  0]SourceControl: 源码管理已禁用
[2023.04.20-12.25.27:418][  0]SourceControl: 源码管理已禁用
[2023.04.20-12.25.27:440][  0]SourceControl: 源码管理已禁用
[2023.04.20-12.25.27:461][  0]SourceControl: 源码管理已禁用
[2023.04.20-12.25.29:795][  0]LogAndroidPermission: UAndroidPermissionCallbackProxy::GetInstance
[2023.04.20-12.25.29:912][  0]LogAudioCaptureCore: Display: No Audio Capture implementations found. Audio input will be silent.
[2023.04.20-12.25.29:912][  0]LogAudioCaptureCore: Display: No Audio Capture implementations found. Audio input will be silent.
[2023.04.20-12.25.30:122][  0]LogOcInput: OculusInput pre-init called
[2023.04.20-12.25.30:176][  0]LogWindows: Failed to load 'OVRPlugin.dll' (GetLastError=126)
[2023.04.20-12.25.30:176][  0]LogWindows: File 'OVRPlugin.dll' does not exist
[2023.04.20-12.25.30:432][  0]LogEngine: Initializing Engine...
[2023.04.20-12.25.30:435][  0]LogHMD: Failed to initialize OpenVR with code 110
[2023.04.20-12.25.30:438][  0]LogStats: UGameplayTagsManager::InitializeManager -  0.001 s
[2023.04.20-12.25.30:926][  0]LogInit: Initializing FReadOnlyCVARCache
[2023.04.20-12.25.30:968][  0]LogAIModule: Creating AISystem for world Untitled
[2023.04.20-12.25.30:991][  0]LogAudioMixer: Display: Audio Mixer Platform Settings:
[2023.04.20-12.25.30:991][  0]LogAudioMixer: Display: 	Sample Rate:						  48000
[2023.04.20-12.25.30:991][  0]LogAudioMixer: Display: 	Callback Buffer Frame Size Requested: 1024
[2023.04.20-12.25.30:991][  0]LogAudioMixer: Display: 	Callback Buffer Frame Size To Use:	  1024
[2023.04.20-12.25.30:991][  0]LogAudioMixer: Display: 	Number of buffers to queue:			  2
[2023.04.20-12.25.30:991][  0]LogAudioMixer: Display: 	Max Channels (voices):				  32
[2023.04.20-12.25.30:991][  0]LogAudioMixer: Display: 	Number of Async Source Workers:		  0
[2023.04.20-12.25.30:991][  0]LogAudio: Display: AudioDevice MaxSources: 32
[2023.04.20-12.25.30:992][  0]LogAudio: Display: Using built-in audio occlusion.
[2023.04.20-12.25.30:992][  0]LogAudioMixer: Display: Initializing audio mixer.
[2023.04.20-12.25.31:006][  0]LogAudioMixer: Display: Audio Device Output Speaker Info:
[2023.04.20-12.25.31:007][  0]LogAudioMixer: Display: Name: 扬声器 (Realtek(R) Audio)
[2023.04.20-12.25.31:007][  0]LogAudioMixer: Display: Is Default: Yes
[2023.04.20-12.25.31:007][  0]LogAudioMixer: Display: Sample Rate: 48000
[2023.04.20-12.25.31:007][  0]LogAudioMixer: Display: Channel Count Used: 2
[2023.04.20-12.25.31:007][  0]LogAudioMixer: Display: Device Channel Count: 2
[2023.04.20-12.25.31:007][  0]LogAudioMixer: Display: Channel Order:
[2023.04.20-12.25.31:007][  0]LogAudioMixer: Display: 0: FrontLeft
[2023.04.20-12.25.31:007][  0]LogAudioMixer: Display: 1: FrontRight
[2023.04.20-12.25.31:028][  0]LogAudioMixer: Display: Using Audio Device 扬声器 (Realtek(R) Audio)
[2023.04.20-12.25.31:032][  0]LogInit: FAudioDevice initialized.
[2023.04.20-12.25.31:032][  0]LogNetVersion: Set ProjectVersion to 1.0.0.0. Version Checksum will be recalculated on next use.
[2023.04.20-12.25.31:080][  0]LogDerivedDataCache: Saved boot cache 0.05s 95MB C:/Users/z1769/AppData/Local/UnrealEngine/4.24/DerivedDataCache/Boot.ddc.
[2023.04.20-12.25.31:083][  0]LogInit: Texture streaming: Enabled
[2023.04.20-12.25.31:162][  0]LogEngineSessionManager: EngineSessionManager initialized
[2023.04.20-12.25.31:162][  0]LogEditorSessionSummary: Verbose: Initializing EditorSessionSummaryWriter for editor session tracking
[2023.04.20-12.25.31:164][  0]LogEditorSessionSummary: EditorSessionSummaryWriter initialized
[2023.04.20-12.25.31:244][  0]LogInit: Transaction tracking system initialized
[2023.04.20-12.25.31:373][  0]BlueprintLog: New page: 编辑器加载
[2023.04.20-12.25.31:746][  0]LocalizationService: 本地化服务已禁用
[2023.04.20-12.25.32:638][  0]LogCook: Display: Max memory allowance for cook 16384mb min free memory 0mb
[2023.04.20-12.25.32:639][  0]LogCook: Display: Mobile HDR setting 1
[2023.04.20-12.25.33:433][  0]LogFileCache: Scanning file cache for directory 'D:/Z_Disktop/Notes/Unreal Engine 4/Projects_4.24/MyFirstGame/Content/' took 0.02s
[2023.04.20-12.25.34:437][  0]SourceControl: 源码管理已禁用
[2023.04.20-12.25.34:438][  0]Cmd: MAP LOAD FILE="../../../../../../Z_Disktop/Notes/Unreal Engine 4/Projects_4.24/MyFirstGame/Content/FirstPersonBP/Maps/FirstPersonExampleMap.umap" TEMPLATE=0 SHOWPROGRESS=1 FEATURELEVEL=3
[2023.04.20-12.25.34:443][  0]LightingResults: New page: 光照构建
[2023.04.20-12.25.34:447][  0]LogWorld: UWorld::CleanupWorld for Untitled, bSessionEnded=true, bCleanupResources=true
[2023.04.20-12.25.34:447][  0]LogSlate: InvalidateAllWidgets triggered.  All widgets were invalidated
[2023.04.20-12.25.34:448][  0]MapCheck: New page: 地图检测
[2023.04.20-12.25.34:448][  0]LightingResults: New page: 光照构建
[2023.04.20-12.25.34:478][  0]LogUObjectHash: Compacting FUObjectHashTables data took   1.82ms
[2023.04.20-12.25.35:250][  0]LogAIModule: Creating AISystem for world FirstPersonExampleMap
[2023.04.20-12.25.35:279][  0]LogEditorServer: Finished looking for orphan Actors (0.000 secs)
[2023.04.20-12.25.35:307][  0]LogUObjectHash: Compacting FUObjectHashTables data took   2.89ms
[2023.04.20-12.25.35:308][  0]Cmd: MAP CHECKDEP NOCLEARLOG
[2023.04.20-12.25.35:308][  0]MapCheck: 地图检测完成：0个错误、0个警告、完成用时0.274毫秒。
[2023.04.20-12.25.35:308][  0]LogFileHelpers: Loading map 'FirstPersonExampleMap' took 0.871
[2023.04.20-12.25.35:483][  0]LogSlate: Updating window title bar state: overlay mode, drag disabled, window buttons hidden, title bar hidden
[2023.04.20-12.25.35:490][  0]LogSlate: Updating window title bar state: overlay mode, drag disabled, window buttons hidden, title bar hidden
[2023.04.20-12.25.35:496][  0]LogSlate: Updating window title bar state: overlay mode, drag disabled, window buttons hidden, title bar hidden
[2023.04.20-12.25.35:502][  0]LogSlate: Updating window title bar state: overlay mode, drag disabled, window buttons hidden, title bar hidden
[2023.04.20-12.25.35:536][  0]LogCollectionManager: Loaded 0 collections in 0.001580 seconds
[2023.04.20-12.25.35:560][  0]LogFileCache: Scanning file cache for directory 'D:/Z_Disktop/Notes/Unreal Engine 4/Projects_4.24/MyFirstGame/Saved/Collections/' took 0.00s
[2023.04.20-12.25.35:560][  0]LogFileCache: Scanning file cache for directory 'D:/Z_Disktop/Notes/Unreal Engine 4/Projects_4.24/MyFirstGame/Content/Developers/z1769/Collections/' took 0.00s
[2023.04.20-12.25.35:560][  0]LogFileCache: Scanning file cache for directory 'D:/Z_Disktop/Notes/Unreal Engine 4/Projects_4.24/MyFirstGame/Content/Collections/' took 0.00s
[2023.04.20-12.25.35:560][  0]LogContentBrowser: Native class hierarchy populated in 0.0078 seconds. Added 3200 classes and 783 folders.
[2023.04.20-12.25.35:566][  0]LogContentBrowser: Native class hierarchy updated for 'WidgetCarousel' in 0.0003 seconds. Added 0 classes and 0 folders.
[2023.04.20-12.25.36:085][  0]LogContentBrowser: Native class hierarchy updated for 'AddContentDialog' in 0.0003 seconds. Added 0 classes and 0 folders.
[2023.04.20-12.25.36:089][  0]LogContentBrowser: Native class hierarchy updated for 'SceneOutliner' in 0.0003 seconds. Added 2 classes and 0 folders.
[2023.04.20-12.25.36:158][  0]LogContentBrowser: Native class hierarchy updated for 'HierarchicalLODOutliner' in 0.0003 seconds. Added 0 classes and 0 folders.
[2023.04.20-12.25.36:158][  0]LogLoad: (Engine Initialization) Total time: 38.76 seconds
[2023.04.20-12.25.36:158][  0]LogLoad: (Engine Initialization) Total Blueprint compile time: 0.00 seconds
[2023.04.20-12.25.36:230][  0]LogContentStreaming: Texture pool size now 1000 MB
[2023.04.20-12.25.36:238][  0]LogSlate: Took 0.006468 seconds to synchronously load lazily loaded font '../../../Engine/Content/Slate/Fonts/Roboto-Regular.ttf' (155K)
[2023.04.20-12.25.36:246][  0]LogSlate: Took 0.007416 seconds to synchronously load lazily loaded font '../../../Engine/Content/Slate/Fonts/DroidSansFallback.ttf' (3848K)
[2023.04.20-12.25.36:253][  0]LogSlate: Took 0.005192 seconds to synchronously load lazily loaded font '../../../Engine/Content/Slate/Fonts/Roboto-Bold.ttf' (160K)
[2023.04.20-12.25.36:260][  0]LogSlate: Took 0.004382 seconds to synchronously load lazily loaded font '../../../Engine/Content/Editor/Slate/Fonts/FontAwesome.ttf' (139K)
[2023.04.20-12.25.36:391][  0]LogSlate: Took 0.005827 seconds to synchronously load lazily loaded font '../../../Engine/Content/Slate/Fonts/Roboto-Light.ttf' (167K)
[2023.04.20-12.25.36:413][  1]LogRenderer: Reallocating scene render targets to support 1228x608 Format 10 NumSamples 1 (Frame:1).
[2023.04.20-12.25.37:558][ 17]LogAssetRegistry: Asset discovery search completed in 23.1555 seconds
[2023.04.20-12.25.37:561][ 17]LogCollectionManager: Fixed up redirectors for 0 collections in 0.000013 seconds (updated 0 objects)
[2023.04.20-12.26.19:177][201]LogUObjectHash: Compacting FUObjectHashTables data took   0.60ms
[2023.04.20-12.26.19:215][201]LogSlate: Window 'MyFirstGame - 虚幻编辑器' being destroyed
[2023.04.20-12.26.19:308][202]Cmd: QUIT_EDITOR
[2023.04.20-12.26.19:308][202]LogCore: Engine exit requested (reason: UUnrealEdEngine::CloseEditor())
[2023.04.20-12.26.19:316][202]LogCore: Engine exit requested (reason: EngineExit() was called; note: exit was already requested)
[2023.04.20-12.26.19:316][202]LogAudioMixer: Display: No commands were queued while flushing the source manager.
[2023.04.20-12.26.19:342][202]LogWindowsTextInputMethodSystem: Display: IME system now activated using TSF (搜狗拼音输入法).
[2023.04.20-12.26.19:349][202]LogExit: Preparing to exit.
[2023.04.20-12.26.20:249][202]LogWorld: UWorld::CleanupWorld for None, bSessionEnded=true, bCleanupResources=true
[2023.04.20-12.26.20:249][202]LogExit: Editor shut down
[2023.04.20-12.26.20:250][202]LogExit: Transaction tracking system shut down
[2023.04.20-12.26.20:253][202]LogDemo: Cleaned up 0 splitscreen connections with owner deletion
[2023.04.20-12.26.20:438][202]LogExit: Object subsystem successfully closed.
[2023.04.20-12.26.20:452][202]LogShaderCompilers: Display: Shaders left to compile 0
[2023.04.20-12.26.20:472][202]LogModuleManager: Shutting down and abandoning module HierarchicalLODOutliner (736)
[2023.04.20-12.26.20:472][202]LogModuleManager: Shutting down and abandoning module SceneOutliner (734)
[2023.04.20-12.26.20:472][202]LogModuleManager: Shutting down and abandoning module AddContentDialog (732)
[2023.04.20-12.26.20:472][202]LogModuleManager: Shutting down and abandoning module WidgetCarousel (731)
[2023.04.20-12.26.20:472][202]LogModuleManager: Shutting down and abandoning module EditorWidgets (728)
[2023.04.20-12.26.20:472][202]LogModuleManager: Shutting down and abandoning module CollectionManager (726)
[2023.04.20-12.26.20:473][202]LogModuleManager: Shutting down and abandoning module StatsViewer (724)
[2023.04.20-12.26.20:473][202]LogModuleManager: Shutting down and abandoning module VirtualTexturingEditor (722)
[2023.04.20-12.26.20:473][202]LogModuleManager: Shutting down and abandoning module FoliageEdit (720)
[2023.04.20-12.26.20:473][202]LogModuleManager: Shutting down and abandoning module LandscapeEditor (718)
[2023.04.20-12.26.20:474][202]LogModuleManager: Shutting down and abandoning module MeshPaintMode (716)
[2023.04.20-12.26.20:474][202]LogModuleManager: Shutting down and abandoning module SceneDepthPickerMode (714)
[2023.04.20-12.26.20:474][202]LogModuleManager: Shutting down and abandoning module ActorPickerMode (712)
[2023.04.20-12.26.20:474][202]LogModuleManager: Shutting down and abandoning module GeometryMode (710)
[2023.04.20-12.26.20:474][202]LogModuleManager: Shutting down and abandoning module TextureAlignMode (708)
[2023.04.20-12.26.20:474][202]LogModuleManager: Shutting down and abandoning module BspMode (706)
[2023.04.20-12.26.20:474][202]LogModuleManager: Shutting down and abandoning module PIEPreviewDeviceProfileSelector (704)
[2023.04.20-12.26.20:474][202]LogModuleManager: Shutting down and abandoning module SequenceRecorderSections (702)
[2023.04.20-12.26.20:474][202]LogModuleManager: Shutting down and abandoning module AutomationWorker (700)
[2023.04.20-12.26.20:474][202]LogModuleManager: Shutting down and abandoning module SteamVREditor (698)
[2023.04.20-12.26.20:474][202]LogModuleManager: Shutting down and abandoning module OculusMR (696)
[2023.04.20-12.26.20:474][202]LogModuleManager: Shutting down and abandoning module AudioCaptureEditor (694)
[2023.04.20-12.26.20:474][202]LogModuleManager: Shutting down and abandoning module MatineeToLevelSequence (692)
[2023.04.20-12.26.20:474][202]LogModuleManager: Shutting down and abandoning module LevelSequenceEditor (690)
[2023.04.20-12.26.20:475][202]LogModuleManager: Shutting down and abandoning module PlacementMode (689)
[2023.04.20-12.26.20:475][202]LogModuleManager: Shutting down and abandoning module MaterialEditor (688)
[2023.04.20-12.26.20:476][202]LogModuleManager: Shutting down and abandoning module ActorSequenceEditor (684)
[2023.04.20-12.26.20:476][202]LogModuleManager: Shutting down and abandoning module WmfMediaFactory (682)
[2023.04.20-12.26.20:476][202]LogModuleManager: Shutting down and abandoning module WmfMediaEditor (680)
[2023.04.20-12.26.20:476][202]LogModuleManager: Shutting down and abandoning module WebMMediaFactory (678)
[2023.04.20-12.26.20:476][202]LogModuleManager: Shutting down and abandoning module WebMMediaEditor (676)
[2023.04.20-12.26.20:476][202]LogModuleManager: Shutting down and abandoning module WebMMedia (674)
[2023.04.20-12.26.20:476][202]LogModuleManager: Shutting down and abandoning module MediaPlayerEditor (672)
[2023.04.20-12.26.20:476][202]LogModuleManager: Shutting down and abandoning module MediaCompositingEditor (670)
[2023.04.20-12.26.20:476][202]LogModuleManager: Shutting down and abandoning module SequenceRecorder (669)
[2023.04.20-12.26.20:476][202]LogModuleManager: Shutting down and abandoning module OpenExrWrapper (666)
[2023.04.20-12.26.20:476][202]LogModuleManager: Shutting down and abandoning module ImgMediaFactory (664)
[2023.04.20-12.26.20:476][202]LogModuleManager: Shutting down and abandoning module ImgMediaEditor (662)
[2023.04.20-12.26.20:476][202]LogModuleManager: Shutting down and abandoning module AvfMediaFactory (660)
[2023.04.20-12.26.20:476][202]LogModuleManager: Shutting down and abandoning module AvfMediaEditor (658)
[2023.04.20-12.26.20:476][202]LogModuleManager: Shutting down and abandoning module AndroidMediaFactory (656)
[2023.04.20-12.26.20:476][202]LogModuleManager: Shutting down and abandoning module AndroidMediaEditor (654)
[2023.04.20-12.26.20:476][202]LogModuleManager: Shutting down and abandoning module MagicLeapMediaCodecFactory (652)
[2023.04.20-12.26.20:476][202]LogModuleManager: Shutting down and abandoning module MagicLeapMediaFactory (650)
[2023.04.20-12.26.20:476][202]LogModuleManager: Shutting down and abandoning module MagicLeapMediaEditor (648)
[2023.04.20-12.26.20:477][202]LogModuleManager: Shutting down and abandoning module CharacterAI (646)
[2023.04.20-12.26.20:477][202]LogModuleManager: Shutting down and abandoning module SmartSnapping (644)
[2023.04.20-12.26.20:477][202]LogModuleManager: Shutting down and abandoning module SessionServices (642)
[2023.04.20-12.26.20:477][202]LogModuleManager: Shutting down and abandoning module MeshPaint (640)
[2023.04.20-12.26.20:477][202]LogModuleManager: Shutting down and abandoning module ViewportSnapping (638)
[2023.04.20-12.26.20:477][202]LogModuleManager: Shutting down and abandoning module ViewportInteraction (636)
[2023.04.20-12.26.20:477][202]LogModuleManager: Shutting down and abandoning module ClothPainter (634)
[2023.04.20-12.26.20:477][202]LogModuleManager: Shutting down and abandoning module SkeletalMeshEditor (633)
[2023.04.20-12.26.20:477][202]LogModuleManager: Shutting down and abandoning module LogVisualizer (630)
[2023.04.20-12.26.20:478][202]LogModuleManager: Shutting down and abandoning module IntroTutorials (628)
[2023.04.20-12.26.20:478][202]LogModuleManager: Shutting down and abandoning module GameProjectGeneration (627)
[2023.04.20-12.26.20:478][202]LogModuleManager: Shutting down and abandoning module LuminPlatformEditor (624)
[2023.04.20-12.26.20:478][202]LogModuleManager: Shutting down and abandoning module IOSPlatformEditor (622)
[2023.04.20-12.26.20:478][202]LogModuleManager: Shutting down and abandoning module AndroidPlatformEditor (620)
[2023.04.20-12.26.20:478][202]LogModuleManager: Shutting down and abandoning module AndroidDeviceDetection (619)
[2023.04.20-12.26.21:006][202]LogModuleManager: Shutting down and abandoning module WindowsPlatformEditor (616)
[2023.04.20-12.26.21:006][202]LogModuleManager: Shutting down and abandoning module LuminRuntimeSettings (614)
[2023.04.20-12.26.21:006][202]LogModuleManager: Shutting down and abandoning module IOSRuntimeSettings (612)
[2023.04.20-12.26.21:006][202]LogModuleManager: Shutting down and abandoning module AndroidRuntimeSettings (610)
[2023.04.20-12.26.21:006][202]LogModuleManager: Shutting down and abandoning module EditorInteractiveToolsFramework (608)
[2023.04.20-12.26.21:006][202]LogModuleManager: Shutting down and abandoning module TimeManagementEditor (606)
[2023.04.20-12.26.21:006][202]LogModuleManager: Shutting down and abandoning module InputBindingEditor (604)
[2023.04.20-12.26.21:018][202]LogModuleManager: Shutting down and abandoning module MergeActors (602)
[2023.04.20-12.26.21:021][202]LogModuleManager: Shutting down and abandoning module LocalizationDashboard (600)
[2023.04.20-12.26.21:021][202]LogModuleManager: Shutting down and abandoning module LocalizationService (599)
[2023.04.20-12.26.21:022][202]LogModuleManager: Shutting down and abandoning module HardwareTargeting (596)
[2023.04.20-12.26.21:022][202]LogModuleManager: Shutting down and abandoning module DeviceProfileEditor (594)
[2023.04.20-12.26.21:022][202]LogModuleManager: Shutting down and abandoning module UndoHistory (592)
[2023.04.20-12.26.21:022][202]LogModuleManager: Shutting down and abandoning module XmlParser (590)
[2023.04.20-12.26.21:022][202]LogModuleManager: Shutting down and abandoning module Blutility (588)
[2023.04.20-12.26.21:022][202]LogModuleManager: Shutting down and abandoning module ProjectSettingsViewer (586)
[2023.04.20-12.26.21:022][202]LogModuleManager: Shutting down and abandoning module ProjectTargetPlatformEditor (585)
[2023.04.20-12.26.21:022][202]LogModuleManager: Shutting down and abandoning module EditorSettingsViewer (582)
[2023.04.20-12.26.21:023][202]LogModuleManager: Shutting down and abandoning module SettingsEditor (580)
[2023.04.20-12.26.21:023][202]LogModuleManager: Shutting down and abandoning module ProjectLauncher (578)
[2023.04.20-12.26.21:023][202]LogModuleManager: Shutting down and abandoning module SessionFrontend (576)
[2023.04.20-12.26.21:023][202]LogModuleManager: Shutting down and abandoning module ProfilerClient (574)
[2023.04.20-12.26.21:023][202]LogModuleManager: Shutting down and abandoning module DeviceManager (572)
[2023.04.20-12.26.21:023][202]LogModuleManager: Shutting down and abandoning module TargetDeviceServices (571)
[2023.04.20-12.26.21:056][202]LogModuleManager: Shutting down and abandoning module AutomationController (568)
[2023.04.20-12.26.21:056][202]LogModuleManager: Shutting down and abandoning module AutomationWindow (566)
[2023.04.20-12.26.21:057][202]LogModuleManager: Shutting down and abandoning module Layers (564)
[2023.04.20-12.26.21:057][202]LogModuleManager: Shutting down and abandoning module ComponentVisualizers (562)
[2023.04.20-12.26.21:057][202]LogModuleManager: Shutting down and abandoning module DetailCustomizations (560)
[2023.04.20-12.26.21:057][202]LogModuleManager: Shutting down and abandoning module PackagesDialog (558)
[2023.04.20-12.26.21:058][202]LogModuleManager: Shutting down and abandoning module AnimationBlueprintEditor (556)
[2023.04.20-12.26.21:058][202]LogModuleManager: Shutting down and abandoning module Persona (554)
[2023.04.20-12.26.21:059][202]LogModuleManager: Shutting down and abandoning module AnimGraph (553)
[2023.04.20-12.26.21:059][202]LogModuleManager: Shutting down and abandoning module Kismet (550)
[2023.04.20-12.26.21:059][202]LogModuleManager: Shutting down and abandoning module KismetWidgets (549)
[2023.04.20-12.26.21:059][202]LogModuleManager: Shutting down and abandoning module GraphEditor (546)
[2023.04.20-12.26.21:060][202]LogModuleManager: Shutting down and abandoning module StructViewer (544)
[2023.04.20-12.26.21:060][202]LogModuleManager: Shutting down and abandoning module ClassViewer (542)
[2023.04.20-12.26.21:060][202]LogModuleManager: Shutting down and abandoning module Toolbox (540)
[2023.04.20-12.26.21:060][202]LogModuleManager: Shutting down and abandoning module ModuleUI (538)
[2023.04.20-12.26.21:061][202]LogModuleManager: Shutting down and abandoning module OutputLog (536)
[2023.04.20-12.26.21:061][202]LogModuleManager: Shutting down and abandoning module GammaUI (534)
[2023.04.20-12.26.21:061][202]LogModuleManager: Shutting down and abandoning module Documentation (532)
[2023.04.20-12.26.21:061][202]LogModuleManager: Shutting down and abandoning module LiveCoding (530)
[2023.04.20-12.26.21:061][202]LogModuleManager: Shutting down and abandoning module LevelSequence (528)
[2023.04.20-12.26.21:061][202]LogModuleManager: Shutting down and abandoning module MovieSceneTracks (526)
[2023.04.20-12.26.21:061][202]LogModuleManager: Shutting down and abandoning module MovieScene (524)
[2023.04.20-12.26.21:061][202]LogModuleManager: Shutting down and abandoning module StreamingPauseRendering (522)
[2023.04.20-12.26.21:062][202]LogModuleManager: Shutting down and abandoning module LauncherPlatform (520)
[2023.04.20-12.26.21:062][202]LogModuleManager: Shutting down and abandoning module AnalyticsET (518)
[2023.04.20-12.26.21:062][202]LogModuleManager: Shutting down and abandoning module PortalServices (516)
[2023.04.20-12.26.21:062][202]LogModuleManager: Shutting down and abandoning module PortalRpc (514)
[2023.04.20-12.26.21:062][202]LogModuleManager: Shutting down and abandoning module MessagingRpc (512)
[2023.04.20-12.26.21:062][202]LogModuleManager: Shutting down and abandoning module AudioMixerXAudio2 (510)
[2023.04.20-12.26.21:062][202]LogModuleManager: Shutting down and abandoning module AIModule (508)
[2023.04.20-12.26.21:062][202]LogModuleManager: Shutting down and abandoning module GameplayDebugger (507)
[2023.04.20-12.26.21:062][202]LogModuleManager: Shutting down and abandoning module AITestSuite (505)
[2023.04.20-12.26.21:062][202]LogModuleManager: Shutting down and abandoning module NavigationSystem (503)
[2023.04.20-12.26.21:062][202]LogModuleManager: Shutting down and abandoning module ImageWriteQueue (500)
[2023.04.20-12.26.21:065][202]LogModuleManager: Shutting down and abandoning module ProfilerService (498)
[2023.04.20-12.26.21:184][202]LogModuleManager: Shutting down and abandoning module TaskGraph (496)
[2023.04.20-12.26.21:185][202]LogModuleManager: Shutting down and abandoning module DatasmithC4DTranslator (494)
[2023.04.20-12.26.21:185][202]LogModuleManager: Shutting down and abandoning module ScreenshotTools (492)
[2023.04.20-12.26.21:185][202]LogModuleManager: Shutting down and abandoning module ProceduralMeshComponentEditor (490)
[2023.04.20-12.26.21:185][202]LogModuleManager: Shutting down and abandoning module ProceduralMeshComponent (488)
[2023.04.20-12.26.21:185][202]LogModuleManager: Shutting down and abandoning module OculusEditor (486)
[2023.04.20-12.26.21:185][202]LogModuleManager: Shutting down and abandoning module OculusInput (484)
[2023.04.20-12.26.21:185][202]LogModuleManager: Shutting down and abandoning module MobilePatchingUtils (482)
[2023.04.20-12.26.21:185][202]LogModuleManager: Shutting down and abandoning module EditableMesh (480)
[2023.04.20-12.26.21:185][202]LogModuleManager: Shutting down and abandoning module CustomMeshComponent (478)
[2023.04.20-12.26.21:185][202]LogModuleManager: Shutting down and abandoning module CableComponent (476)
[2023.04.20-12.26.21:185][202]LogModuleManager: Shutting down and abandoning module AudioCapture (474)
[2023.04.20-12.26.21:185][202]LogModuleManager: Shutting down and abandoning module AudioCaptureRtAudio (473)
[2023.04.20-12.26.21:185][202]LogModuleManager: Shutting down and abandoning module AssetTags (470)
[2023.04.20-12.26.21:185][202]LogModuleManager: Shutting down and abandoning module ArchVisCharacter (468)
[2023.04.20-12.26.21:185][202]LogModuleManager: Shutting down and abandoning module AppleImageUtilsBlueprintSupport (466)
[2023.04.20-12.26.21:185][202]LogModuleManager: Shutting down and abandoning module AppleImageUtils (464)
[2023.04.20-12.26.21:185][202]LogModuleManager: Shutting down and abandoning module AndroidPermission (462)
[2023.04.20-12.26.21:185][202]LogModuleManager: Shutting down and abandoning module NUTUnrealEngine4 (460)
[2023.04.20-12.26.21:185][202]LogModuleManager: Shutting down and abandoning module NetcodeUnitTest (458)
[2023.04.20-12.26.21:185][202]LogModuleManager: Shutting down and abandoning module MediaCompositing (456)
[2023.04.20-12.26.21:185][202]LogModuleManager: Shutting down and abandoning module ImgMedia (454)
[2023.04.20-12.26.21:185][202]LogModuleManager: Shutting down and abandoning module MagicLeapHelperVulkan (452)
[2023.04.20-12.26.21:185][202]LogModuleManager: Shutting down and abandoning module MagicLeapHelperOpenGL (450)
[2023.04.20-12.26.21:185][202]LogModuleManager: Shutting down and abandoning module MagicLeapAudio (448)
[2023.04.20-12.26.21:185][202]LogModuleManager: Shutting down and abandoning module GeometryCollectionTracks (446)
[2023.04.20-12.26.21:185][202]LogModuleManager: Shutting down and abandoning module GeometryCollectionSequencer (445)
[2023.04.20-12.26.21:186][202]LogModuleManager: Shutting down and abandoning module GeometryCollectionEditor (442)
[2023.04.20-12.26.21:186][202]LogModuleManager: Shutting down and abandoning module GeometryCollectionExampleCore (440)
[2023.04.20-12.26.21:186][202]LogModuleManager: Shutting down and abandoning module GeometryCacheTracks (438)
[2023.04.20-12.26.21:186][202]LogModuleManager: Shutting down and abandoning module GeometryCacheSequencer (436)
[2023.04.20-12.26.21:186][202]LogModuleManager: Shutting down and abandoning module DataprepLibraries (434)
[2023.04.20-12.26.21:186][202]LogModuleManager: Shutting down and abandoning module DataprepCore (432)
[2023.04.20-12.26.21:186][202]LogModuleManager: Shutting down and abandoning module DataprepEditor (430)
[2023.04.20-12.26.21:186][202]LogModuleManager: Shutting down and abandoning module ChaosSolverEditor (428)
[2023.04.20-12.26.21:186][202]LogModuleManager: Shutting down and abandoning module BlastCore (426)
[2023.04.20-12.26.21:186][202]LogModuleManager: Shutting down and abandoning module BlastAuthoring (424)
[2023.04.20-12.26.21:186][202]LogModuleManager: Shutting down and abandoning module BackChannel (422)
[2023.04.20-12.26.21:186][202]LogModuleManager: Shutting down and abandoning module AutomationUtilsEditor (420)
[2023.04.20-12.26.21:186][202]LogModuleManager: Shutting down and abandoning module AutomationUtils (418)
[2023.04.20-12.26.21:186][202]LogModuleManager: Shutting down and abandoning module AlembicImporter (416)
[2023.04.20-12.26.21:186][202]LogModuleManager: Shutting down and abandoning module AlembicLibrary (415)
[2023.04.20-12.26.21:186][202]LogModuleManager: Shutting down and abandoning module GeometryCache (414)
[2023.04.20-12.26.21:186][202]LogModuleManager: Shutting down and abandoning module GeometryCacheEd (413)
[2023.04.20-12.26.21:186][202]LogModuleManager: Shutting down and abandoning module VariantManager (408)
[2023.04.20-12.26.21:187][202]LogModuleManager: Shutting down and abandoning module VariantManagerContentEditor (407)
[2023.04.20-12.26.21:187][202]LogModuleManager: Shutting down and abandoning module StaticMeshEditorExtension (404)
[2023.04.20-12.26.21:187][202]LogModuleManager: Shutting down and abandoning module StaticMeshEditor (403)
[2023.04.20-12.26.21:188][202]LogModuleManager: Shutting down and abandoning module AdvancedPreviewScene (402)
[2023.04.20-12.26.21:188][202]LogModuleManager: Shutting down and abandoning module MeshProcessingLibrary (399)
[2023.04.20-12.26.21:188][202]LogModuleManager: Shutting down and abandoning module DatasmithNativeTranslator (396)
[2023.04.20-12.26.21:188][202]LogModuleManager: Shutting down and abandoning module DatasmithImporter (394)
[2023.04.20-12.26.21:188][202]LogModuleManager: Shutting down and abandoning module ToolMenus (393)
[2023.04.20-12.26.21:188][202]LogModuleManager: Shutting down and abandoning module DatasmithContentEditor (390)
[2023.04.20-12.26.21:188][202]LogModuleManager: Shutting down and abandoning module SpeedTreeImporter (388)
[2023.04.20-12.26.21:188][202]LogModuleManager: Shutting down and abandoning module PluginBrowser (386)
[2023.04.20-12.26.21:188][202]LogModuleManager: Shutting down and abandoning module MobileLauncherProfileWizard (384)
[2023.04.20-12.26.21:189][202]LogModuleManager: Shutting down and abandoning module PolygonModeling (382)
[2023.04.20-12.26.21:189][202]LogModuleManager: Shutting down and abandoning module MeshEditor (380)
[2023.04.20-12.26.21:189][202]LogModuleManager: Shutting down and abandoning module MaterialAnalyzer (378)
[2023.04.20-12.26.21:189][202]LogModuleManager: Shutting down and abandoning module EditorScriptingUtilities (376)
[2023.04.20-12.26.21:189][202]LogModuleManager: Shutting down and abandoning module CurveEditorTools (374)
[2023.04.20-12.26.21:190][202]LogModuleManager: Shutting down and abandoning module CryptoKeysOpenSSL (372)
[2023.04.20-12.26.21:190][202]LogModuleManager: Shutting down and abandoning module CryptoKeys (370)
[2023.04.20-12.26.21:190][202]LogModuleManager: Shutting down and abandoning module VisualStudioSourceCodeAccess (368)
[2023.04.20-12.26.21:190][202]LogModuleManager: Shutting down and abandoning module VisualStudioCodeSourceCodeAccess (366)
[2023.04.20-12.26.21:190][202]LogModuleManager: Shutting down and abandoning module UObjectPlugin (364)
[2023.04.20-12.26.21:190][202]LogModuleManager: Shutting down and abandoning module SubversionSourceControl (362)
[2023.04.20-12.26.21:190][202]LogModuleManager: Shutting down and abandoning module PlasticSourceControl (360)
[2023.04.20-12.26.21:190][202]LogModuleManager: Shutting down and abandoning module PerforceSourceControl (358)
[2023.04.20-12.26.21:191][202]LogModuleManager: Shutting down and abandoning module GitSourceControl (356)
[2023.04.20-12.26.21:191][202]LogModuleManager: Shutting down and abandoning module SourceControl (355)
[2023.04.20-12.26.21:191][202]LogModuleManager: Shutting down and abandoning module CLionSourceCodeAccess (352)
[2023.04.20-12.26.21:191][202]LogModuleManager: Shutting down and abandoning module AnimationSharingEd (350)
[2023.04.20-12.26.21:191][202]LogModuleManager: Shutting down and abandoning module ActorLayerUtilitiesEditor (348)
[2023.04.20-12.26.21:191][202]LogModuleManager: Shutting down and abandoning module ActorLayerUtilities (346)
[2023.04.20-12.26.21:191][202]LogModuleManager: Shutting down and abandoning module LightPropagationVolumeEditor (344)
[2023.04.20-12.26.21:191][202]LogModuleManager: Shutting down and abandoning module PaperTiledImporter (342)
[2023.04.20-12.26.21:191][202]LogModuleManager: Shutting down and abandoning module PaperSpriteSheetImporter (340)
[2023.04.20-12.26.21:191][202]LogModuleManager: Shutting down and abandoning module Paper2DEditor (338)
[2023.04.20-12.26.21:191][202]LogModuleManager: Shutting down and abandoning module SignificanceManager (336)
[2023.04.20-12.26.21:191][202]LogModuleManager: Shutting down and abandoning module RuntimePhysXCooking (334)
[2023.04.20-12.26.21:191][202]LogModuleManager: Shutting down and abandoning module PhysXVehiclesEditor (332)
[2023.04.20-12.26.21:191][202]LogModuleManager: Shutting down and abandoning module LocationServicesBPLibrary (328)
[2023.04.20-12.26.21:191][202]LogModuleManager: Shutting down and abandoning module ActorSequence (326)
[2023.04.20-12.26.21:191][202]LogModuleManager: Shutting down and abandoning module UdpMessaging (324)
[2023.04.20-12.26.21:355][202]LogModuleManager: Shutting down and abandoning module TcpMessaging (322)
[2023.04.20-12.26.21:710][202]LogModuleManager: Shutting down and abandoning module MagicLeapPrivileges (320)
[2023.04.20-12.26.21:710][202]LogModuleManager: Shutting down and abandoning module MagicLeapPlanes (318)
[2023.04.20-12.26.21:717][202]LogMagicLeapPlanes: Planes tracker already destroyed.
[2023.04.20-12.26.21:717][202]LogModuleManager: Shutting down and abandoning module MagicLeapIdentity (316)
[2023.04.20-12.26.21:718][202]LogModuleManager: Shutting down and abandoning module MagicLeapSecureStorage (314)
[2023.04.20-12.26.21:718][202]LogModuleManager: Shutting down and abandoning module MagicLeapImageTracker (312)
[2023.04.20-12.26.21:719][202]LogModuleManager: Shutting down and abandoning module MagicLeapHandTracking (310)
[2023.04.20-12.26.21:719][202]LogModuleManager: Shutting down and abandoning module MagicLeapHandMeshing (308)
[2023.04.20-12.26.21:719][202]LogModuleManager: Shutting down and abandoning module MagicLeapEyeTracker (306)
[2023.04.20-12.26.21:719][202]LogModuleManager: Shutting down and abandoning module MagicLeapController (304)
[2023.04.20-12.26.21:719][202]LogSlate: Slate User Destroyed.  User Index 0, Is Virtual User: 0
[2023.04.20-12.26.21:719][202]LogModuleManager: Shutting down and abandoning module MagicLeapARPin (302)
[2023.04.20-12.26.21:719][202]LogModuleManager: Shutting down and abandoning module MagicLeapAR (300)
[2023.04.20-12.26.21:719][202]LogModuleManager: Shutting down and abandoning module AugmentedReality (299)
[2023.04.20-12.26.21:719][202]LogModuleManager: Shutting down and abandoning module GameplayTagsEditor (296)
[2023.04.20-12.26.21:724][202]LogModuleManager: Shutting down and abandoning module FacialAnimationEditor (294)
[2023.04.20-12.26.21:725][202]LogModuleManager: Shutting down and abandoning module FacialAnimation (292)
[2023.04.20-12.26.21:725][202]LogModuleManager: Shutting down and abandoning module DataValidation (290)
[2023.04.20-12.26.21:725][202]LogModuleManager: Shutting down and abandoning module AssetManagerEditor (288)
[2023.04.20-12.26.21:734][202]LogModuleManager: Shutting down and abandoning module LevelEditor (287)
[2023.04.20-12.26.21:734][202]LogModuleManager: Shutting down and abandoning module PixelInspectorModule (286)
[2023.04.20-12.26.21:734][202]LogModuleManager: Shutting down and abandoning module CommonMenuExtensions (284)
[2023.04.20-12.26.21:735][202]LogModuleManager: Shutting down and abandoning module MainFrame (282)
[2023.04.20-12.26.21:735][202]LogModuleManager: Shutting down and abandoning module HotReload (281)
[2023.04.20-12.26.21:736][202]LogModuleManager: Shutting down and abandoning module ContentBrowser (277)
[2023.04.20-12.26.21:737][202]LogModuleManager: Shutting down and abandoning module TreeMap (275)
[2023.04.20-12.26.21:738][202]LogModuleManager: Shutting down and abandoning module AnimationSharing (272)
[2023.04.20-12.26.21:739][202]LogModuleManager: Shutting down and abandoning module LightPropagationVolumeRuntime (270)
[2023.04.20-12.26.21:739][202]LogModuleManager: Shutting down and abandoning module Paper2D (268)
[2023.04.20-12.26.21:739][202]LogModuleManager: Shutting down and abandoning module WindowsMoviePlayer (266)
[2023.04.20-12.26.21:753][202]LogModuleManager: Shutting down and abandoning module WebMMoviePlayer (264)
[2023.04.20-12.26.21:768][202]LogModuleManager: Shutting down and abandoning module NetworkReplayStreaming (262)
[2023.04.20-12.26.21:768][202]LogModuleManager: Shutting down and abandoning module PacketHandler (260)
[2023.04.20-12.26.21:768][202]LogModuleManager: Shutting down and abandoning module ClothingSystemEditor (258)
[2023.04.20-12.26.21:768][202]LogModuleManager: Shutting down and abandoning module ClothingSystemRuntimeNv (256)
[2023.04.20-12.26.21:775][202]LogModuleManager: Shutting down and abandoning module MediaAssets (254)
[2023.04.20-12.26.21:775][202]LogModuleManager: Shutting down and abandoning module Overlay (252)
[2023.04.20-12.26.21:775][202]LogModuleManager: Shutting down and abandoning module OverlayEditor (251)
[2023.04.20-12.26.21:775][202]LogModuleManager: Shutting down and abandoning module VREditor (248)
[2023.04.20-12.26.21:783][202]LogModuleManager: Shutting down and abandoning module StringTableEditor (246)
[2023.04.20-12.26.21:825][202]LogModuleManager: Shutting down and abandoning module GameplayTasksEditor (244)
[2023.04.20-12.26.21:842][202]LogModuleManager: Shutting down and abandoning module BehaviorTreeEditor (242)
[2023.04.20-12.26.21:852][202]LogModuleManager: Shutting down and abandoning module FunctionalTesting (240)
[2023.04.20-12.26.21:852][202]LogModuleManager: Shutting down and abandoning module CollisionAnalyzer (238)
[2023.04.20-12.26.21:854][202]LogModuleManager: Shutting down and abandoning module WorkspaceMenuStructure (237)
[2023.04.20-12.26.21:856][202]LogModuleManager: Shutting down and abandoning module UMG (234)
[2023.04.20-12.26.21:856][202]LogModuleManager: Shutting down and abandoning module UMGEditor (233)
[2023.04.20-12.26.21:856][202]LogModuleManager: Shutting down and abandoning module MessageLog (231)
[2023.04.20-12.26.21:858][202]LogModuleManager: Shutting down and abandoning module SlateReflector (226)
[2023.04.20-12.26.21:895][202]LogModuleManager: Shutting down and abandoning module Slate (224)
[2023.04.20-12.26.21:895][202]LogModuleManager: Shutting down and abandoning module SlateCore (222)
[2023.04.20-12.26.21:895][202]LogModuleManager: Shutting down and abandoning module LandscapeEditorUtilities (220)
[2023.04.20-12.26.21:895][202]LogModuleManager: Shutting down and abandoning module UnrealEd (218)
[2023.04.20-12.26.21:895][202]LogModuleManager: Shutting down and abandoning module MRMesh (216)
[2023.04.20-12.26.21:895][202]LogModuleManager: Shutting down and abandoning module SourceCodeAccess (214)
[2023.04.20-12.26.21:895][202]LogModuleManager: Shutting down and abandoning module HeadMountedDisplay (212)
[2023.04.20-12.26.21:895][202]LogModuleManager: Shutting down and abandoning module XAudio2 (210)
[2023.04.20-12.26.21:895][202]LogModuleManager: Shutting down and abandoning module Networking (208)
[2023.04.20-12.26.21:895][202]LogModuleManager: Shutting down and abandoning module Core (206)
[2023.04.20-12.26.21:896][202]LogModuleManager: Shutting down and abandoning module MovieSceneTools (204)
[2023.04.20-12.26.21:896][202]LogModuleManager: Shutting down and abandoning module CurveEditor (203)
[2023.04.20-12.26.21:902][202]LogModuleManager: Shutting down and abandoning module Sequencer (201)
[2023.04.20-12.26.21:904][202]LogModuleManager: Shutting down and abandoning module EditorStyle (200)
[2023.04.20-12.26.21:906][202]LogModuleManager: Shutting down and abandoning module KismetCompiler (196)
[2023.04.20-12.26.21:906][202]LogModuleManager: Shutting down and abandoning module MeshUtilities (194)
[2023.04.20-12.26.21:910][202]LogModuleManager: Shutting down and abandoning module MeshMergeUtilities (193)
[2023.04.20-12.26.21:910][202]LogModuleManager: Shutting down and abandoning module MeshReductionInterface (192)
[2023.04.20-12.26.21:910][202]LogModuleManager: Shutting down and abandoning module MeshBoneReduction (191)
[2023.04.20-12.26.21:910][202]LogModuleManager: Shutting down and abandoning module SkeletalMeshReduction (189)
[2023.04.20-12.26.21:911][202]LogModuleManager: Shutting down and abandoning module ProxyLODMeshReduction (187)
[2023.04.20-12.26.21:913][202]LogModuleManager: Shutting down and abandoning module QuadricMeshReduction (185)
[2023.04.20-12.26.21:914][202]LogModuleManager: Shutting down and abandoning module MaterialBaking (181)
[2023.04.20-12.26.21:914][202]LogModuleManager: Shutting down and abandoning module NullInstallBundleManager (176)
[2023.04.20-12.26.21:914][202]LogModuleManager: Shutting down and abandoning module DerivedDataCache (174)
[2023.04.20-12.26.21:914][202]LogDerivedDataCache: Shutdown
[2023.04.20-12.26.21:914][202]LogModuleManager: Shutting down and abandoning module XGEController (172)
[2023.04.20-12.26.21:914][202]LogXGEController: Cleaning working directory: C:/Users/z1769/AppData/Local/Temp/UnrealXGEWorkingDir/
[2023.04.20-12.26.21:915][202]LogModuleManager: Shutting down and abandoning module TargetPlatform (170)
[2023.04.20-12.26.21:915][202]LogModuleManager: Shutting down and abandoning module VulkanShaderFormat (169)
[2023.04.20-12.26.21:915][202]LogModuleManager: Shutting down and abandoning module ShaderFormatVectorVM (167)
[2023.04.20-12.26.21:916][202]LogModuleManager: Shutting down and abandoning module ShaderFormatOpenGL (165)
[2023.04.20-12.26.21:916][202]LogModuleManager: Shutting down and abandoning module ShaderFormatD3D (163)
[2023.04.20-12.26.21:916][202]LogModuleManager: Shutting down and abandoning module MetalShaderFormat (161)
[2023.04.20-12.26.21:917][202]LogModuleManager: Shutting down and abandoning module TextureFormatUncompressed (159)
[2023.04.20-12.26.21:917][202]LogModuleManager: Shutting down and abandoning module TextureFormatPVR (157)
[2023.04.20-12.26.21:917][202]LogModuleManager: Shutting down and abandoning module TextureFormatDXT (155)
[2023.04.20-12.26.21:917][202]LogModuleManager: Shutting down and abandoning module TextureFormatIntelISPCTexComp (153)
[2023.04.20-12.26.21:917][202]LogModuleManager: Shutting down and abandoning module TextureFormatASTC (151)
[2023.04.20-12.26.21:917][202]LogModuleManager: Shutting down and abandoning module ImageWrapper (150)
[2023.04.20-12.26.21:917][202]LogModuleManager: Shutting down and abandoning module TextureFormatAndroid (147)
[2023.04.20-12.26.21:918][202]LogModuleManager: Shutting down and abandoning module AudioFormatOpus (145)
[2023.04.20-12.26.21:918][202]LogModuleManager: Shutting down and abandoning module AudioFormatOgg (143)
[2023.04.20-12.26.21:918][202]LogModuleManager: Shutting down and abandoning module AudioFormatADPCM (141)
[2023.04.20-12.26.21:918][202]LogModuleManager: Shutting down and abandoning module WindowsServerTargetPlatform (139)
[2023.04.20-12.26.21:918][202]LogModuleManager: Shutting down and abandoning module WindowsClientTargetPlatform (137)
[2023.04.20-12.26.21:918][202]LogModuleManager: Shutting down and abandoning module WindowsTargetPlatform (135)
[2023.04.20-12.26.21:918][202]LogModuleManager: Shutting down and abandoning module WindowsNoEditorTargetPlatform (133)
[2023.04.20-12.26.21:918][202]LogModuleManager: Shutting down and abandoning module TVOSTargetPlatform (131)
[2023.04.20-12.26.21:919][202]LogModuleManager: Shutting down and abandoning module LuminTargetPlatform (129)
[2023.04.20-12.26.21:920][202]LogModuleManager: Shutting down and abandoning module LinuxAArch64ServerTargetPlatform (127)
[2023.04.20-12.26.21:920][202]LogModuleManager: Shutting down and abandoning module LinuxAArch64ClientTargetPlatform (125)
[2023.04.20-12.26.21:920][202]LogModuleManager: Shutting down and abandoning module LinuxAArch64NoEditorTargetPlatform (123)
[2023.04.20-12.26.21:920][202]LogModuleManager: Shutting down and abandoning module LinuxServerTargetPlatform (121)
[2023.04.20-12.26.21:920][202]LogModuleManager: Shutting down and abandoning module LinuxClientTargetPlatform (119)
[2023.04.20-12.26.21:920][202]LogModuleManager: Shutting down and abandoning module LinuxNoEditorTargetPlatform (117)
[2023.04.20-12.26.21:920][202]LogModuleManager: Shutting down and abandoning module Messaging (115)
[2023.04.20-12.26.21:920][202]LogModuleManager: Shutting down and abandoning module IOSTargetPlatform (113)
[2023.04.20-12.26.21:921][202]LogModuleManager: Shutting down and abandoning module AndroidTargetPlatform (111)
[2023.04.20-12.26.21:935][202]LogModuleManager: Shutting down and abandoning module AllDesktopTargetPlatform (109)
[2023.04.20-12.26.21:935][202]LogModuleManager: Shutting down and abandoning module InputCore (106)
[2023.04.20-12.26.21:935][202]LogModuleManager: Shutting down and abandoning module Settings (104)
[2023.04.20-12.26.21:935][202]LogModuleManager: Shutting down and abandoning module DirectoryWatcher (102)
[2023.04.20-12.26.21:935][202]LogModuleManager: Shutting down and abandoning module PhysXCooking (100)
[2023.04.20-12.26.21:935][202]LogModuleManager: Shutting down and abandoning module ChaosSolvers (98)
[2023.04.20-12.26.21:935][202]LogModuleManager: Shutting down and abandoning module FieldSystemEngine (97)
[2023.04.20-12.26.21:935][202]LogModuleManager: Shutting down and abandoning module Chaos (94)
[2023.04.20-12.26.21:935][202]LogModuleManager: Shutting down and abandoning module WindowsPlatformFeatures (92)
[2023.04.20-12.26.21:935][202]LogModuleManager: Shutting down and abandoning module GameplayMediaEncoder (91)
[2023.04.20-12.26.21:936][202]LogModuleManager: Shutting down and abandoning module SteamVRInputDevice (88)
[2023.04.20-12.26.21:936][202]LogModuleManager: Shutting down and abandoning module SteamVRInput (86)
[2023.04.20-12.26.21:936][202]LogModuleManager: Shutting down and abandoning module SteamVR (84)
[2023.04.20-12.26.21:936][202]LogHMD: Freeing OpenVRDLLHandle.
[2023.04.20-12.26.21:936][202]LogModuleManager: Shutting down and abandoning module OculusHMD (82)
[2023.04.20-12.26.21:936][202]LogModuleManager: Shutting down and abandoning module ExampleDeviceProfileSelector (80)
[2023.04.20-12.26.21:936][202]LogModuleManager: Shutting down and abandoning module LauncherChunkInstaller (78)
[2023.04.20-12.26.21:936][202]LogModuleManager: Shutting down and abandoning module OnlineBlueprintSupport (76)
[2023.04.20-12.26.21:936][202]LogModuleManager: Shutting down and abandoning module OnlineSubsystem (72)
[2023.04.20-12.26.21:940][202]LogModuleManager: Shutting down and abandoning module XMPP (67)
[2023.04.20-12.26.21:944][202]LogModuleManager: Shutting down and abandoning module WebSockets (66)
[2023.04.20-12.26.22:039][202]LogModuleManager: Shutting down and abandoning module HTTP (63)
[2023.04.20-12.26.22:039][202]LogHttp: Display: Http module shutting down, but needs to wait on 1 outstanding Http requests:
[2023.04.20-12.26.22:039][202]LogHttp: Display: 	verb=[POST] url=[https://datarouter.ol.epicgames.com/datarouter/api/v1/public/data?SessionID=%7B540BB663-4C91-E303-3653-96B37BCDEEDD%7D&AppID=UEEditor.Rocket.Release&AppVersion=4.24.3-11590370%2B%2B%2BUE4%2BRelease-4.24&UserID=f9dbf1e0436e4a0a6be5db82c9a1e075%7C727b5d3d8daf43f0ba85653f4308c3f9%7C9934d7b9-ba71-4591-a204-f875e9b26f14&AppEnvironment=datacollector-binary&UploadType=eteventstream] refs=[1] status=Processing
[2023.04.20-12.26.22:051][202]LogModuleManager: Shutting down and abandoning module SSL (62)
[2023.04.20-12.26.22:054][202]LogModuleManager: Shutting down and abandoning module WmfMedia (58)
[2023.04.20-12.26.22:152][202]LogModuleManager: Shutting down and abandoning module Media (57)
[2023.04.20-12.26.22:165][202]LogModuleManager: Shutting down and abandoning module MagicLeap (54)
[2023.04.20-12.26.22:165][202]LogModuleManager: Shutting down and abandoning module VariantManagerContent (52)
[2023.04.20-12.26.22:165][202]LogModuleManager: Shutting down and abandoning module DatasmithContent (50)
[2023.04.20-12.26.22:165][202]LogModuleManager: Shutting down and abandoning module AISupportModule (48)
[2023.04.20-12.26.22:165][202]LogModuleManager: Shutting down and abandoning module DesktopPlatform (46)
[2023.04.20-12.26.22:165][202]LogModuleManager: Shutting down and abandoning module PlatformCryptoOpenSSL (44)
[2023.04.20-12.26.22:165][202]LogModuleManager: Shutting down and abandoning module PlatformCryptoTypes (42)
[2023.04.20-12.26.22:165][202]LogModuleManager: Shutting down and abandoning module PlatformCrypto (40)
[2023.04.20-12.26.22:165][202]LogModuleManager: Shutting down and abandoning module AnimationModifiers (38)
[2023.04.20-12.26.22:168][202]LogModuleManager: Shutting down and abandoning module PropertyEditor (37)
[2023.04.20-12.26.22:172][202]LogModuleManager: Shutting down and abandoning module AudioEditor (34)
[2023.04.20-12.26.22:173][202]LogModuleManager: Shutting down and abandoning module TextureCompressor (32)
[2023.04.20-12.26.22:175][202]LogModuleManager: Shutting down and abandoning module RenderCore (30)
[2023.04.20-12.26.22:175][202]LogModuleManager: Shutting down and abandoning module Landscape (28)
[2023.04.20-12.26.22:175][202]LogModuleManager: Shutting down and abandoning module SlateRHIRenderer (26)
[2023.04.20-12.26.22:175][202]LogModuleManager: Shutting down and abandoning module OpenGLDrv (24)
[2023.04.20-12.26.22:175][202]LogModuleManager: Shutting down and abandoning module D3D11RHI (22)
[2023.04.20-12.26.22:175][202]LogModuleManager: Shutting down and abandoning module AnimGraphRuntime (20)
[2023.04.20-12.26.22:175][202]LogModuleManager: Shutting down and abandoning module Renderer (18)
[2023.04.20-12.26.22:175][202]LogModuleManager: Shutting down and abandoning module Engine (16)
[2023.04.20-12.26.22:175][202]LogModuleManager: Shutting down and abandoning module CoreUObject (14)
[2023.04.20-12.26.22:175][202]LogModuleManager: Shutting down and abandoning module NetworkFile (12)
[2023.04.20-12.26.22:176][202]LogModuleManager: Shutting down and abandoning module CookedIterativeFile (10)
[2023.04.20-12.26.22:176][202]LogModuleManager: Shutting down and abandoning module StreamingFile (8)
[2023.04.20-12.26.22:176][202]LogModuleManager: Shutting down and abandoning module SandboxFile (6)
[2023.04.20-12.26.22:176][202]LogModuleManager: Shutting down and abandoning module PakFile (4)
[2023.04.20-12.26.22:176][202]LogModuleManager: Shutting down and abandoning module RSA (3)
[2023.04.20-12.26.22:177][202]LogD3D11RHI: Shutdown
[2023.04.20-12.26.22:177][202]LogD3D11RHI: CleanupD3DDevice
[2023.04.20-12.26.22:257][202]LogExit: Exiting.
[2023.04.20-12.26.22:273][202]Log file closed, 04/20/23 20:26:22
